{
  "contracts/Bonding.sol": {
    "l": {
      "28": 25,
      "32": 18,
      "41": 3,
      "42": 3,
      "51": 3,
      "59": 3,
      "67": 2,
      "77": 2,
      "78": 2,
      "82": 2,
      "83": 2,
      "90": 2,
      "91": 2,
      "98": 4,
      "99": 4,
      "103": 2,
      "104": 2,
      "106": 2,
      "107": 2,
      "112": 2,
      "115": 2,
      "122": 2,
      "123": 2,
      "124": 2,
      "128": 2,
      "133": 2,
      "137": 3,
      "139": 3,
      "145": 2,
      "150": 2,
      "153": 2,
      "154": 1,
      "162": 1,
      "164": 1,
      "167": 1,
      "168": 1,
      "170": 1,
      "171": 1,
      "176": 1,
      "187": 0,
      "193": 5,
      "197": 4,
      "200": 4,
      "209": 2
    },
    "path": "/home/zgo/work/src/github.com/ubiquity/uad-contracts/contracts/Bonding.sol",
    "s": {
      "1": 25,
      "2": 3,
      "3": 3,
      "4": 3,
      "5": 3,
      "6": 2,
      "7": 2,
      "8": 2,
      "9": 2,
      "10": 2,
      "11": 2,
      "12": 2,
      "13": 4,
      "14": 4,
      "15": 2,
      "16": 2,
      "17": 2,
      "18": 2,
      "19": 2,
      "20": 2,
      "21": 2,
      "22": 2,
      "23": 2,
      "24": 2,
      "25": 2,
      "26": 3,
      "27": 3,
      "28": 2,
      "29": 2,
      "30": 2,
      "31": 1,
      "32": 1,
      "33": 1,
      "34": 1,
      "35": 1,
      "36": 1,
      "37": 1,
      "38": 1,
      "39": 0,
      "40": 5,
      "41": 4,
      "42": 4,
      "43": 2
    },
    "b": { "1": [18, 7], "2": [2, 0], "3": [2, 0], "4": [2, 1], "5": [1, 1] },
    "f": {
      "1": 25,
      "2": 3,
      "3": 3,
      "4": 3,
      "5": 2,
      "6": 2,
      "7": 2,
      "8": 2,
      "9": 4,
      "10": 2,
      "11": 2,
      "12": 3,
      "13": 0,
      "14": 5,
      "15": 4,
      "16": 2
    },
    "fnMap": {
      "1": {
        "name": "onlyBondingManager",
        "line": 27,
        "loc": {
          "start": { "line": 27, "column": 4 },
          "end": { "line": 33, "column": 4 }
        }
      },
      "2": {
        "name": "constructor",
        "line": 40,
        "loc": {
          "start": { "line": 40, "column": 4 },
          "end": { "line": 43, "column": 4 }
        }
      },
      "3": {
        "name": "addProtocolToken",
        "line": 49,
        "loc": {
          "start": { "line": 46, "column": 4 },
          "end": { "line": 52, "column": 4 }
        }
      },
      "4": {
        "name": "removeProtocolToken",
        "line": 57,
        "loc": {
          "start": { "line": 54, "column": 4 },
          "end": { "line": 60, "column": 4 }
        }
      },
      "5": {
        "name": "sendDust",
        "line": 66,
        "loc": {
          "start": { "line": 62, "column": 4 },
          "end": { "line": 68, "column": 4 }
        }
      },
      "6": {
        "name": "setMaxBondingPrice",
        "line": 75,
        "loc": {
          "start": { "line": 73, "column": 4 },
          "end": { "line": 79, "column": 4 }
        }
      },
      "7": {
        "name": "setSablier",
        "line": 81,
        "loc": {
          "start": { "line": 81, "column": 4 },
          "end": { "line": 84, "column": 4 }
        }
      },
      "8": {
        "name": "setBondingDiscountMultiplier",
        "line": 88,
        "loc": {
          "start": { "line": 86, "column": 4 },
          "end": { "line": 92, "column": 4 }
        }
      },
      "9": {
        "name": "setRedeemStreamTime",
        "line": 96,
        "loc": {
          "start": { "line": 94, "column": 4 },
          "end": { "line": 100, "column": 4 }
        }
      },
      "10": {
        "name": "_bond",
        "line": 102,
        "loc": {
          "start": { "line": 102, "column": 4 },
          "end": { "line": 119, "column": 4 }
        }
      },
      "11": {
        "name": "bondTokens",
        "line": 121,
        "loc": {
          "start": { "line": 121, "column": 4 },
          "end": { "line": 134, "column": 4 }
        }
      },
      "12": {
        "name": "redeemShares",
        "line": 136,
        "loc": {
          "start": { "line": 136, "column": 4 },
          "end": { "line": 184, "column": 4 }
        }
      },
      "13": {
        "name": "redeemAllShares",
        "line": 186,
        "loc": {
          "start": { "line": 186, "column": 4 },
          "end": { "line": 190, "column": 4 }
        }
      },
      "14": {
        "name": "_updateOracle",
        "line": 192,
        "loc": {
          "start": { "line": 192, "column": 4 },
          "end": { "line": 194, "column": 4 }
        }
      },
      "15": {
        "name": "currentShareValue",
        "line": 196,
        "loc": {
          "start": { "line": 196, "column": 4 },
          "end": { "line": 206, "column": 4 }
        }
      },
      "16": {
        "name": "currentTokenPrice",
        "line": 208,
        "loc": {
          "start": { "line": 208, "column": 4 },
          "end": { "line": 214, "column": 4 }
        }
      }
    },
    "statementMap": {
      "1": {
        "start": { "line": 28, "column": 8 },
        "end": { "line": 28, "column": 1007 }
      },
      "2": {
        "start": { "line": 41, "column": 8 },
        "end": { "line": 41, "column": 59 }
      },
      "3": {
        "start": { "line": 42, "column": 8 },
        "end": { "line": 42, "column": 35 }
      },
      "4": {
        "start": { "line": 51, "column": 8 },
        "end": { "line": 51, "column": 32 }
      },
      "5": {
        "start": { "line": 59, "column": 8 },
        "end": { "line": 59, "column": 35 }
      },
      "6": {
        "start": { "line": 67, "column": 8 },
        "end": { "line": 67, "column": 38 }
      },
      "7": {
        "start": { "line": 77, "column": 8 },
        "end": { "line": 77, "column": 41 }
      },
      "8": {
        "start": { "line": 78, "column": 8 },
        "end": { "line": 78, "column": 53 }
      },
      "9": {
        "start": { "line": 82, "column": 8 },
        "end": { "line": 82, "column": 35 }
      },
      "10": {
        "start": { "line": 83, "column": 8 },
        "end": { "line": 83, "column": 37 }
      },
      "11": {
        "start": { "line": 90, "column": 8 },
        "end": { "line": 90, "column": 61 }
      },
      "12": {
        "start": { "line": 91, "column": 8 },
        "end": { "line": 91, "column": 73 }
      },
      "13": {
        "start": { "line": 98, "column": 8 },
        "end": { "line": 98, "column": 43 }
      },
      "14": {
        "start": { "line": 99, "column": 8 },
        "end": { "line": 99, "column": 55 }
      },
      "15": {
        "start": { "line": 103, "column": 8 },
        "end": { "line": 103, "column": 48 }
      },
      "16": {
        "start": { "line": 104, "column": 8 },
        "end": { "line": 104, "column": 74 }
      },
      "17": {
        "start": { "line": 106, "column": 8 },
        "end": { "line": 106, "column": 3268 }
      },
      "18": {
        "start": { "line": 107, "column": 12 },
        "end": { "line": 107, "column": 3366 }
      },
      "19": {
        "start": { "line": 112, "column": 12 },
        "end": { "line": 112, "column": 53 }
      },
      "20": {
        "start": { "line": 115, "column": 8 },
        "end": { "line": 115, "column": 3609 }
      },
      "21": {
        "start": { "line": 122, "column": 8 },
        "end": { "line": 122, "column": 22 }
      },
      "22": {
        "start": { "line": 123, "column": 8 },
        "end": { "line": 123, "column": 50 }
      },
      "23": {
        "start": { "line": 124, "column": 8 },
        "end": { "line": 124, "column": 3864 }
      },
      "24": {
        "start": { "line": 128, "column": 8 },
        "end": { "line": 128, "column": 3985 }
      },
      "25": {
        "start": { "line": 133, "column": 8 },
        "end": { "line": 133, "column": 35 }
      },
      "26": {
        "start": { "line": 137, "column": 8 },
        "end": { "line": 137, "column": 22 }
      },
      "27": {
        "start": { "line": 139, "column": 8 },
        "end": { "line": 139, "column": 4256 }
      },
      "28": {
        "start": { "line": 145, "column": 8 },
        "end": { "line": 145, "column": 4449 }
      },
      "29": {
        "start": { "line": 150, "column": 8 },
        "end": { "line": 150, "column": 4634 }
      },
      "30": {
        "start": { "line": 153, "column": 8 },
        "end": { "line": 153, "column": 4675 }
      },
      "31": {
        "start": { "line": 154, "column": 12 },
        "end": { "line": 154, "column": 4720 }
      },
      "32": {
        "start": { "line": 162, "column": 12 },
        "end": { "line": 162, "column": 57 }
      },
      "33": {
        "start": { "line": 164, "column": 12 },
        "end": { "line": 164, "column": 66 }
      },
      "34": {
        "start": { "line": 167, "column": 12 },
        "end": { "line": 167, "column": 64 }
      },
      "35": {
        "start": { "line": 168, "column": 12 },
        "end": { "line": 168, "column": 76 }
      },
      "36": {
        "start": { "line": 170, "column": 12 },
        "end": { "line": 170, "column": 77 }
      },
      "37": {
        "start": { "line": 171, "column": 12 },
        "end": { "line": 171, "column": 5605 }
      },
      "38": {
        "start": { "line": 176, "column": 12 },
        "end": { "line": 176, "column": 5742 }
      },
      "39": {
        "start": { "line": 187, "column": 8 },
        "end": { "line": 187, "column": 5996 }
      },
      "40": {
        "start": { "line": 193, "column": 8 },
        "end": { "line": 193, "column": 56 }
      },
      "41": {
        "start": { "line": 197, "column": 8 },
        "end": { "line": 197, "column": 6348 }
      },
      "42": {
        "start": { "line": 200, "column": 8 },
        "end": { "line": 200, "column": 6413 }
      },
      "43": {
        "start": { "line": 209, "column": 8 },
        "end": { "line": 209, "column": 6694 }
      }
    },
    "branchMap": {
      "1": {
        "line": 28,
        "type": "if",
        "locations": [
          {
            "start": { "line": 28, "column": 8 },
            "end": { "line": 28, "column": 8 }
          },
          {
            "start": { "line": 28, "column": 8 },
            "end": { "line": 28, "column": 8 }
          }
        ]
      },
      "2": {
        "line": 106,
        "type": "if",
        "locations": [
          {
            "start": { "line": 106, "column": 8 },
            "end": { "line": 106, "column": 8 }
          },
          {
            "start": { "line": 106, "column": 8 },
            "end": { "line": 106, "column": 8 }
          }
        ]
      },
      "3": {
        "line": 124,
        "type": "if",
        "locations": [
          {
            "start": { "line": 124, "column": 8 },
            "end": { "line": 124, "column": 8 }
          },
          {
            "start": { "line": 124, "column": 8 },
            "end": { "line": 124, "column": 8 }
          }
        ]
      },
      "4": {
        "line": 139,
        "type": "if",
        "locations": [
          {
            "start": { "line": 139, "column": 8 },
            "end": { "line": 139, "column": 8 }
          },
          {
            "start": { "line": 139, "column": 8 },
            "end": { "line": 139, "column": 8 }
          }
        ]
      },
      "5": {
        "line": 153,
        "type": "if",
        "locations": [
          {
            "start": { "line": 153, "column": 8 },
            "end": { "line": 153, "column": 8 }
          },
          {
            "start": { "line": 153, "column": 8 },
            "end": { "line": 153, "column": 8 }
          }
        ]
      }
    }
  },
  "contracts/BondingShare.sol": {
    "l": {},
    "path": "/home/zgo/work/src/github.com/ubiquity/uad-contracts/contracts/BondingShare.sol",
    "s": {},
    "b": {},
    "f": { "1": 3 },
    "fnMap": {
      "1": {
        "name": "constructor",
        "line": 8,
        "loc": {
          "start": { "line": 8, "column": 4 },
          "end": { "line": 8, "column": 71 }
        }
      }
    },
    "statementMap": {},
    "branchMap": {}
  },
  "contracts/CouponsForDollarsCalculator.sol": {
    "l": { "18": 0, "27": 0, "28": 0, "30": 0, "32": 0, "35": 0 },
    "path": "/home/zgo/work/src/github.com/ubiquity/uad-contracts/contracts/CouponsForDollarsCalculator.sol",
    "s": { "1": 0, "2": 0, "3": 0, "4": 0, "5": 0, "6": 0 },
    "b": {},
    "f": { "1": 0, "2": 0 },
    "fnMap": {
      "1": {
        "name": "constructor",
        "line": 17,
        "loc": {
          "start": { "line": 17, "column": 4 },
          "end": { "line": 19, "column": 4 }
        }
      },
      "2": {
        "name": "getCouponAmount",
        "line": 21,
        "loc": {
          "start": { "line": 21, "column": 4 },
          "end": { "line": 36, "column": 4 }
        }
      }
    },
    "statementMap": {
      "1": {
        "start": { "line": 18, "column": 8 },
        "end": { "line": 18, "column": 59 }
      },
      "2": {
        "start": { "line": 27, "column": 8 },
        "end": { "line": 27, "column": 23 }
      },
      "3": {
        "start": { "line": 28, "column": 8 },
        "end": { "line": 28, "column": 961 }
      },
      "4": {
        "start": { "line": 30, "column": 8 },
        "end": { "line": 30, "column": 1065 }
      },
      "5": {
        "start": { "line": 32, "column": 8 },
        "end": { "line": 32, "column": 70 }
      },
      "6": {
        "start": { "line": 35, "column": 8 },
        "end": { "line": 35, "column": 66 }
      }
    },
    "branchMap": {}
  },
  "contracts/DebtCoupon.sol": {
    "l": {
      "32": 0,
      "36": 0,
      "41": 0,
      "42": 0,
      "53": 0,
      "54": 0,
      "58": 0,
      "61": 0,
      "63": 0,
      "76": 0,
      "80": 0,
      "81": 0,
      "84": 0,
      "86": 0,
      "92": 0,
      "93": 0,
      "96": 0,
      "97": 0,
      "99": 0,
      "100": 0,
      "103": 0,
      "106": 0,
      "107": 0,
      "109": 0,
      "115": 0,
      "116": 0,
      "117": 0,
      "119": 0,
      "120": 0,
      "121": 0,
      "123": 0,
      "127": 0,
      "132": 0,
      "140": 0,
      "144": 0,
      "145": 0
    },
    "path": "/home/zgo/work/src/github.com/ubiquity/uad-contracts/contracts/DebtCoupon.sol",
    "s": {
      "1": 0,
      "2": 0,
      "3": 0,
      "4": 0,
      "5": 0,
      "6": 0,
      "7": 0,
      "8": 0,
      "9": 0,
      "10": 0,
      "11": 0,
      "12": 0,
      "13": 0,
      "14": 0,
      "15": 0,
      "16": 0,
      "17": 0,
      "18": 0,
      "19": 0,
      "20": 0,
      "21": 0,
      "22": 0,
      "23": 0,
      "24": 0,
      "25": 0,
      "26": 0,
      "27": 0,
      "28": 0,
      "29": 0,
      "30": 0,
      "31": 0,
      "32": 0,
      "33": 0,
      "34": 0
    },
    "b": { "1": [0, 0], "2": [0, 0], "3": [0, 0], "4": [0, 0], "5": [0, 0] },
    "f": { "1": 0, "2": 0, "3": 0, "4": 0, "5": 0, "6": 0, "7": 0 },
    "fnMap": {
      "1": {
        "name": "onlyCouponManager",
        "line": 31,
        "loc": {
          "start": { "line": 31, "column": 4 },
          "end": { "line": 37, "column": 4 }
        }
      },
      "2": {
        "name": "constructor",
        "line": 40,
        "loc": {
          "start": { "line": 40, "column": 4 },
          "end": { "line": 43, "column": 4 }
        }
      },
      "3": {
        "name": "mintCoupons",
        "line": 52,
        "loc": {
          "start": { "line": 48, "column": 4 },
          "end": { "line": 64, "column": 4 }
        }
      },
      "4": {
        "name": "burnCoupons",
        "line": 75,
        "loc": {
          "start": { "line": 71, "column": 4 },
          "end": { "line": 87, "column": 4 }
        }
      },
      "5": {
        "name": "updateTotalDebt",
        "line": 91,
        "loc": {
          "start": { "line": 91, "column": 4 },
          "end": { "line": 111, "column": 4 }
        }
      },
      "6": {
        "name": "getTotalOutstandingDebt",
        "line": 114,
        "loc": {
          "start": { "line": 114, "column": 4 },
          "end": { "line": 133, "column": 4 }
        }
      },
      "7": {
        "name": "setRedemptionContractAddress",
        "line": 138,
        "loc": {
          "start": { "line": 136, "column": 4 },
          "end": { "line": 146, "column": 4 }
        }
      }
    },
    "statementMap": {
      "1": {
        "start": { "line": 32, "column": 8 },
        "end": { "line": 32, "column": 1269 }
      },
      "2": {
        "start": { "line": 41, "column": 8 },
        "end": { "line": 41, "column": 59 }
      },
      "3": {
        "start": { "line": 42, "column": 8 },
        "end": { "line": 42, "column": 32 }
      },
      "4": {
        "start": { "line": 53, "column": 8 },
        "end": { "line": 53, "column": 54 }
      },
      "5": {
        "start": { "line": 54, "column": 8 },
        "end": { "line": 54, "column": 64 }
      },
      "6": {
        "start": { "line": 58, "column": 8 },
        "end": { "line": 58, "column": 54 }
      },
      "7": {
        "start": { "line": 61, "column": 8 },
        "end": { "line": 61, "column": 2462 }
      },
      "8": {
        "start": { "line": 63, "column": 8 },
        "end": { "line": 63, "column": 64 }
      },
      "9": {
        "start": { "line": 76, "column": 8 },
        "end": { "line": 76, "column": 3066 }
      },
      "10": {
        "start": { "line": 80, "column": 8 },
        "end": { "line": 80, "column": 52 }
      },
      "11": {
        "start": { "line": 81, "column": 8 },
        "end": { "line": 81, "column": 66 }
      },
      "12": {
        "start": { "line": 84, "column": 8 },
        "end": { "line": 84, "column": 3430 }
      },
      "13": {
        "start": { "line": 86, "column": 8 },
        "end": { "line": 86, "column": 64 }
      },
      "14": {
        "start": { "line": 92, "column": 8 },
        "end": { "line": 92, "column": 44 }
      },
      "15": {
        "start": { "line": 93, "column": 8 },
        "end": { "line": 93, "column": 67 }
      },
      "16": {
        "start": { "line": 96, "column": 8 },
        "end": { "line": 96, "column": 3932 }
      },
      "17": {
        "start": { "line": 97, "column": 12 },
        "end": { "line": 97, "column": 4010 }
      },
      "18": {
        "start": { "line": 99, "column": 16 },
        "end": { "line": 99, "column": 64 }
      },
      "19": {
        "start": { "line": 100, "column": 16 },
        "end": { "line": 100, "column": 45 }
      },
      "20": {
        "start": { "line": 103, "column": 16 },
        "end": { "line": 103, "column": 4341 }
      },
      "21": {
        "start": { "line": 107, "column": 16 },
        "end": { "line": 107, "column": 61 }
      },
      "22": {
        "start": { "line": 109, "column": 12 },
        "end": { "line": 109, "column": 62 }
      },
      "23": {
        "start": { "line": 115, "column": 8 },
        "end": { "line": 115, "column": 55 }
      },
      "24": {
        "start": { "line": 116, "column": 8 },
        "end": { "line": 116, "column": 44 }
      },
      "25": {
        "start": { "line": 117, "column": 8 },
        "end": { "line": 117, "column": 75 }
      },
      "26": {
        "start": { "line": 119, "column": 8 },
        "end": { "line": 119, "column": 5034 }
      },
      "27": {
        "start": { "line": 120, "column": 12 },
        "end": { "line": 120, "column": 5112 }
      },
      "28": {
        "start": { "line": 121, "column": 16 },
        "end": { "line": 121, "column": 45 }
      },
      "29": {
        "start": { "line": 123, "column": 16 },
        "end": { "line": 123, "column": 5242 }
      },
      "30": {
        "start": { "line": 127, "column": 12 },
        "end": { "line": 127, "column": 5377 }
      },
      "31": {
        "start": { "line": 132, "column": 8 },
        "end": { "line": 132, "column": 30 }
      },
      "32": {
        "start": { "line": 140, "column": 8 },
        "end": { "line": 140, "column": 5730 }
      },
      "33": {
        "start": { "line": 144, "column": 8 },
        "end": { "line": 144, "column": 36 }
      },
      "34": {
        "start": { "line": 145, "column": 8 },
        "end": { "line": 145, "column": 45 }
      }
    },
    "branchMap": {
      "1": {
        "line": 32,
        "type": "if",
        "locations": [
          {
            "start": { "line": 32, "column": 8 },
            "end": { "line": 32, "column": 8 }
          },
          {
            "start": { "line": 32, "column": 8 },
            "end": { "line": 32, "column": 8 }
          }
        ]
      },
      "2": {
        "line": 76,
        "type": "if",
        "locations": [
          {
            "start": { "line": 76, "column": 8 },
            "end": { "line": 76, "column": 8 }
          },
          {
            "start": { "line": 76, "column": 8 },
            "end": { "line": 76, "column": 8 }
          }
        ]
      },
      "3": {
        "line": 97,
        "type": "if",
        "locations": [
          {
            "start": { "line": 97, "column": 12 },
            "end": { "line": 97, "column": 12 }
          },
          {
            "start": { "line": 97, "column": 12 },
            "end": { "line": 97, "column": 12 }
          }
        ]
      },
      "4": {
        "line": 120,
        "type": "if",
        "locations": [
          {
            "start": { "line": 120, "column": 12 },
            "end": { "line": 120, "column": 12 }
          },
          {
            "start": { "line": 120, "column": 12 },
            "end": { "line": 120, "column": 12 }
          }
        ]
      },
      "5": {
        "line": 140,
        "type": "if",
        "locations": [
          {
            "start": { "line": 140, "column": 8 },
            "end": { "line": 140, "column": 8 }
          },
          {
            "start": { "line": 140, "column": 8 },
            "end": { "line": 140, "column": 8 }
          }
        ]
      }
    }
  },
  "contracts/DebtCouponManager.sol": {
    "l": {
      "37": 0,
      "38": 0,
      "42": 0,
      "43": 0,
      "55": 0,
      "57": 0,
      "58": 0,
      "63": 0,
      "65": 0,
      "68": 0,
      "70": 0,
      "71": 0,
      "73": 0,
      "83": 0,
      "85": 0,
      "90": 0,
      "92": 0,
      "98": 0,
      "99": 0,
      "102": 0,
      "103": 0,
      "105": 0,
      "111": 0,
      "112": 0,
      "114": 0,
      "126": 0,
      "128": 0,
      "130": 0,
      "132": 0,
      "133": 0,
      "138": 0,
      "140": 0,
      "144": 0,
      "146": 0,
      "147": 0,
      "150": 0,
      "152": 0,
      "158": 0,
      "166": 0,
      "168": 0,
      "170": 0,
      "174": 0,
      "175": 0,
      "178": 0,
      "181": 0,
      "185": 0,
      "189": 0,
      "194": 0,
      "196": 0,
      "199": 0,
      "200": 0,
      "204": 0,
      "205": 0,
      "208": 0,
      "214": 0,
      "218": 0,
      "228": 0,
      "230": 0,
      "232": 0,
      "233": 0,
      "236": 0,
      "238": 0,
      "240": 0,
      "243": 0,
      "245": 0,
      "246": 0,
      "249": 0,
      "259": 0,
      "261": 0,
      "272": 0,
      "274": 0,
      "282": 0,
      "296": 0
    },
    "path": "/home/zgo/work/src/github.com/ubiquity/uad-contracts/contracts/DebtCouponManager.sol",
    "s": {
      "1": 0,
      "2": 0,
      "3": 0,
      "4": 0,
      "5": 0,
      "6": 0,
      "7": 0,
      "8": 0,
      "9": 0,
      "10": 0,
      "11": 0,
      "12": 0,
      "13": 0,
      "14": 0,
      "15": 0,
      "16": 0,
      "17": 0,
      "18": 0,
      "19": 0,
      "20": 0,
      "21": 0,
      "22": 0,
      "23": 0,
      "24": 0,
      "25": 0,
      "26": 0,
      "27": 0,
      "28": 0,
      "29": 0,
      "30": 0,
      "31": 0,
      "32": 0,
      "33": 0,
      "34": 0,
      "35": 0,
      "36": 0,
      "37": 0,
      "38": 0,
      "39": 0,
      "40": 0,
      "41": 0,
      "42": 0,
      "43": 0,
      "44": 0,
      "45": 0,
      "46": 0,
      "47": 0,
      "48": 0,
      "49": 0,
      "50": 0,
      "51": 0,
      "52": 0,
      "53": 0,
      "54": 0,
      "55": 0,
      "56": 0,
      "57": 0,
      "58": 0,
      "59": 0,
      "60": 0,
      "61": 0,
      "62": 0,
      "63": 0,
      "64": 0,
      "65": 0,
      "66": 0,
      "67": 0,
      "68": 0,
      "69": 0,
      "70": 0,
      "71": 0,
      "72": 0,
      "73": 0
    },
    "b": {
      "1": [0, 0],
      "2": [0, 0],
      "3": [0, 0],
      "4": [0, 0],
      "5": [0, 0],
      "6": [0, 0],
      "7": [0, 0],
      "8": [0, 0],
      "9": [0, 0],
      "10": [0, 0],
      "11": [0, 0],
      "12": [0, 0],
      "13": [0, 0]
    },
    "f": {
      "1": 0,
      "2": 0,
      "3": 0,
      "4": 0,
      "5": 0,
      "6": 0,
      "7": 0,
      "8": 0,
      "9": 0,
      "10": 0,
      "11": 0
    },
    "fnMap": {
      "1": {
        "name": "constructor",
        "line": 36,
        "loc": {
          "start": { "line": 36, "column": 4 },
          "end": { "line": 39, "column": 4 }
        }
      },
      "2": {
        "name": "_getTwapPrice",
        "line": 41,
        "loc": {
          "start": { "line": 41, "column": 4 },
          "end": { "line": 44, "column": 4 }
        }
      },
      "3": {
        "name": "burnCouponsForAutoRedemption",
        "line": 50,
        "loc": {
          "start": { "line": 50, "column": 4 },
          "end": { "line": 74, "column": 4 }
        }
      },
      "4": {
        "name": "burnAutoRedeemTokensForDollars",
        "line": 79,
        "loc": {
          "start": { "line": 79, "column": 4 },
          "end": { "line": 106, "column": 4 }
        }
      },
      "5": {
        "name": "autoRedeemCoupons",
        "line": 109,
        "loc": {
          "start": { "line": 109, "column": 4 },
          "end": { "line": 117, "column": 4 }
        }
      },
      "6": {
        "name": "redeemCoupons",
        "line": 122,
        "loc": {
          "start": { "line": 122, "column": 4 },
          "end": { "line": 171, "column": 4 }
        }
      },
      "7": {
        "name": "mintClaimableDollars",
        "line": 173,
        "loc": {
          "start": { "line": 173, "column": 4 },
          "end": { "line": 220, "column": 4 }
        }
      },
      "8": {
        "name": "exchangeDollarsForCoupons",
        "line": 224,
        "loc": {
          "start": { "line": 224, "column": 4 },
          "end": { "line": 250, "column": 4 }
        }
      },
      "9": {
        "name": "getCouponsReturnedForDollars",
        "line": 254,
        "loc": {
          "start": { "line": 254, "column": 4 },
          "end": { "line": 262, "column": 4 }
        }
      },
      "10": {
        "name": "onERC1155Received",
        "line": 265,
        "loc": {
          "start": { "line": 265, "column": 4 },
          "end": { "line": 284, "column": 4 }
        }
      },
      "11": {
        "name": "onERC1155BatchReceived",
        "line": 288,
        "loc": {
          "start": { "line": 288, "column": 4 },
          "end": { "line": 297, "column": 4 }
        }
      }
    },
    "statementMap": {
      "1": {
        "start": { "line": 37, "column": 8 },
        "end": { "line": 37, "column": 59 }
      },
      "2": {
        "start": { "line": 38, "column": 8 },
        "end": { "line": 38, "column": 47 }
      },
      "3": {
        "start": { "line": 42, "column": 8 },
        "end": { "line": 42, "column": 67 }
      },
      "4": {
        "start": { "line": 43, "column": 8 },
        "end": { "line": 43, "column": 65 }
      },
      "5": {
        "start": { "line": 55, "column": 8 },
        "end": { "line": 55, "column": 71 }
      },
      "6": {
        "start": { "line": 57, "column": 8 },
        "end": { "line": 57, "column": 58 }
      },
      "7": {
        "start": { "line": 58, "column": 8 },
        "end": { "line": 58, "column": 2527 }
      },
      "8": {
        "start": { "line": 63, "column": 8 },
        "end": { "line": 63, "column": 77 }
      },
      "9": {
        "start": { "line": 65, "column": 8 },
        "end": { "line": 65, "column": 56 }
      },
      "10": {
        "start": { "line": 68, "column": 8 },
        "end": { "line": 68, "column": 2958 }
      },
      "11": {
        "start": { "line": 70, "column": 8 },
        "end": { "line": 70, "column": 50 }
      },
      "12": {
        "start": { "line": 71, "column": 8 },
        "end": { "line": 71, "column": 51 }
      },
      "13": {
        "start": { "line": 73, "column": 8 },
        "end": { "line": 73, "column": 52 }
      },
      "14": {
        "start": { "line": 83, "column": 8 },
        "end": { "line": 83, "column": 3569 }
      },
      "15": {
        "start": { "line": 85, "column": 8 },
        "end": { "line": 85, "column": 3625 }
      },
      "16": {
        "start": { "line": 90, "column": 8 },
        "end": { "line": 90, "column": 3829 }
      },
      "17": {
        "start": { "line": 92, "column": 8 },
        "end": { "line": 92, "column": 3880 }
      },
      "18": {
        "start": { "line": 98, "column": 8 },
        "end": { "line": 98, "column": 72 }
      },
      "19": {
        "start": { "line": 99, "column": 8 },
        "end": { "line": 99, "column": 4261 }
      },
      "20": {
        "start": { "line": 102, "column": 8 },
        "end": { "line": 102, "column": 47 }
      },
      "21": {
        "start": { "line": 103, "column": 8 },
        "end": { "line": 103, "column": 54 }
      },
      "22": {
        "start": { "line": 105, "column": 8 },
        "end": { "line": 105, "column": 54 }
      },
      "23": {
        "start": { "line": 111, "column": 8 },
        "end": { "line": 111, "column": 43 }
      },
      "24": {
        "start": { "line": 112, "column": 8 },
        "end": { "line": 112, "column": 78 }
      },
      "25": {
        "start": { "line": 114, "column": 8 },
        "end": { "line": 114, "column": 29 }
      },
      "26": {
        "start": { "line": 126, "column": 8 },
        "end": { "line": 126, "column": 43 }
      },
      "27": {
        "start": { "line": 128, "column": 8 },
        "end": { "line": 128, "column": 78 }
      },
      "28": {
        "start": { "line": 130, "column": 8 },
        "end": { "line": 130, "column": 71 }
      },
      "29": {
        "start": { "line": 132, "column": 8 },
        "end": { "line": 132, "column": 55 }
      },
      "30": {
        "start": { "line": 133, "column": 8 },
        "end": { "line": 133, "column": 5362 }
      },
      "31": {
        "start": { "line": 138, "column": 8 },
        "end": { "line": 138, "column": 29 }
      },
      "32": {
        "start": { "line": 140, "column": 8 },
        "end": { "line": 140, "column": 5535 }
      },
      "33": {
        "start": { "line": 144, "column": 8 },
        "end": { "line": 144, "column": 40 }
      },
      "34": {
        "start": { "line": 146, "column": 8 },
        "end": { "line": 146, "column": 5727 }
      },
      "35": {
        "start": { "line": 147, "column": 12 },
        "end": { "line": 147, "column": 49 }
      },
      "36": {
        "start": { "line": 150, "column": 8 },
        "end": { "line": 150, "column": 5885 }
      },
      "37": {
        "start": { "line": 152, "column": 8 },
        "end": { "line": 152, "column": 5936 }
      },
      "38": {
        "start": { "line": 158, "column": 8 },
        "end": { "line": 158, "column": 6137 }
      },
      "39": {
        "start": { "line": 166, "column": 8 },
        "end": { "line": 166, "column": 65 }
      },
      "40": {
        "start": { "line": 168, "column": 8 },
        "end": { "line": 168, "column": 55 }
      },
      "41": {
        "start": { "line": 170, "column": 8 },
        "end": { "line": 170, "column": 42 }
      },
      "42": {
        "start": { "line": 174, "column": 8 },
        "end": { "line": 174, "column": 71 }
      },
      "43": {
        "start": { "line": 175, "column": 8 },
        "end": { "line": 175, "column": 35 }
      },
      "44": {
        "start": { "line": 178, "column": 8 },
        "end": { "line": 178, "column": 6737 }
      },
      "45": {
        "start": { "line": 181, "column": 8 },
        "end": { "line": 181, "column": 6910 }
      },
      "46": {
        "start": { "line": 185, "column": 8 },
        "end": { "line": 185, "column": 52 }
      },
      "47": {
        "start": { "line": 189, "column": 8 },
        "end": { "line": 189, "column": 7171 }
      },
      "48": {
        "start": { "line": 194, "column": 8 },
        "end": { "line": 194, "column": 7347 }
      },
      "49": {
        "start": { "line": 196, "column": 8 },
        "end": { "line": 196, "column": 7459 }
      },
      "50": {
        "start": { "line": 199, "column": 8 },
        "end": { "line": 199, "column": 78 }
      },
      "51": {
        "start": { "line": 200, "column": 8 },
        "end": { "line": 200, "column": 7633 }
      },
      "52": {
        "start": { "line": 204, "column": 8 },
        "end": { "line": 204, "column": 7734 }
      },
      "53": {
        "start": { "line": 205, "column": 12 },
        "end": { "line": 205, "column": 7859 }
      },
      "54": {
        "start": { "line": 208, "column": 12 },
        "end": { "line": 208, "column": 7915 }
      },
      "55": {
        "start": { "line": 214, "column": 12 },
        "end": { "line": 214, "column": 8186 }
      },
      "56": {
        "start": { "line": 218, "column": 12 },
        "end": { "line": 218, "column": 49 }
      },
      "57": {
        "start": { "line": 228, "column": 8 },
        "end": { "line": 228, "column": 43 }
      },
      "58": {
        "start": { "line": 230, "column": 8 },
        "end": { "line": 230, "column": 76 }
      },
      "59": {
        "start": { "line": 232, "column": 8 },
        "end": { "line": 232, "column": 71 }
      },
      "60": {
        "start": { "line": 233, "column": 8 },
        "end": { "line": 233, "column": 35 }
      },
      "61": {
        "start": { "line": 236, "column": 8 },
        "end": { "line": 236, "column": 33 }
      },
      "62": {
        "start": { "line": 238, "column": 8 },
        "end": { "line": 238, "column": 9104 }
      },
      "63": {
        "start": { "line": 240, "column": 8 },
        "end": { "line": 240, "column": 72 }
      },
      "64": {
        "start": { "line": 243, "column": 8 },
        "end": { "line": 243, "column": 78 }
      },
      "65": {
        "start": { "line": 245, "column": 8 },
        "end": { "line": 245, "column": 72 }
      },
      "66": {
        "start": { "line": 246, "column": 8 },
        "end": { "line": 246, "column": 75 }
      },
      "67": {
        "start": { "line": 249, "column": 8 },
        "end": { "line": 249, "column": 32 }
      },
      "68": {
        "start": { "line": 259, "column": 8 },
        "end": { "line": 259, "column": 9990 }
      },
      "69": {
        "start": { "line": 261, "column": 8 },
        "end": { "line": 261, "column": 55 }
      },
      "70": {
        "start": { "line": 272, "column": 8 },
        "end": { "line": 272, "column": 10385 }
      },
      "71": {
        "start": { "line": 274, "column": 12 },
        "end": { "line": 274, "column": 10542 }
      },
      "72": {
        "start": { "line": 282, "column": 12 },
        "end": { "line": 282, "column": 21 }
      },
      "73": {
        "start": { "line": 296, "column": 8 },
        "end": { "line": 296, "column": 17 }
      }
    },
    "branchMap": {
      "1": {
        "line": 57,
        "type": "if",
        "locations": [
          {
            "start": { "line": 57, "column": 8 },
            "end": { "line": 57, "column": 8 }
          },
          {
            "start": { "line": 57, "column": 8 },
            "end": { "line": 57, "column": 8 }
          }
        ]
      },
      "2": {
        "line": 58,
        "type": "if",
        "locations": [
          {
            "start": { "line": 58, "column": 8 },
            "end": { "line": 58, "column": 8 }
          },
          {
            "start": { "line": 58, "column": 8 },
            "end": { "line": 58, "column": 8 }
          }
        ]
      },
      "3": {
        "line": 85,
        "type": "if",
        "locations": [
          {
            "start": { "line": 85, "column": 8 },
            "end": { "line": 85, "column": 8 }
          },
          {
            "start": { "line": 85, "column": 8 },
            "end": { "line": 85, "column": 8 }
          }
        ]
      },
      "4": {
        "line": 92,
        "type": "if",
        "locations": [
          {
            "start": { "line": 92, "column": 8 },
            "end": { "line": 92, "column": 8 }
          },
          {
            "start": { "line": 92, "column": 8 },
            "end": { "line": 92, "column": 8 }
          }
        ]
      },
      "5": {
        "line": 112,
        "type": "if",
        "locations": [
          {
            "start": { "line": 112, "column": 8 },
            "end": { "line": 112, "column": 8 }
          },
          {
            "start": { "line": 112, "column": 8 },
            "end": { "line": 112, "column": 8 }
          }
        ]
      },
      "6": {
        "line": 128,
        "type": "if",
        "locations": [
          {
            "start": { "line": 128, "column": 8 },
            "end": { "line": 128, "column": 8 }
          },
          {
            "start": { "line": 128, "column": 8 },
            "end": { "line": 128, "column": 8 }
          }
        ]
      },
      "7": {
        "line": 132,
        "type": "if",
        "locations": [
          {
            "start": { "line": 132, "column": 8 },
            "end": { "line": 132, "column": 8 }
          },
          {
            "start": { "line": 132, "column": 8 },
            "end": { "line": 132, "column": 8 }
          }
        ]
      },
      "8": {
        "line": 133,
        "type": "if",
        "locations": [
          {
            "start": { "line": 133, "column": 8 },
            "end": { "line": 133, "column": 8 }
          },
          {
            "start": { "line": 133, "column": 8 },
            "end": { "line": 133, "column": 8 }
          }
        ]
      },
      "9": {
        "line": 146,
        "type": "if",
        "locations": [
          {
            "start": { "line": 146, "column": 8 },
            "end": { "line": 146, "column": 8 }
          },
          {
            "start": { "line": 146, "column": 8 },
            "end": { "line": 146, "column": 8 }
          }
        ]
      },
      "10": {
        "line": 152,
        "type": "if",
        "locations": [
          {
            "start": { "line": 152, "column": 8 },
            "end": { "line": 152, "column": 8 }
          },
          {
            "start": { "line": 152, "column": 8 },
            "end": { "line": 152, "column": 8 }
          }
        ]
      },
      "11": {
        "line": 204,
        "type": "if",
        "locations": [
          {
            "start": { "line": 204, "column": 8 },
            "end": { "line": 204, "column": 8 }
          },
          {
            "start": { "line": 204, "column": 8 },
            "end": { "line": 204, "column": 8 }
          }
        ]
      },
      "12": {
        "line": 230,
        "type": "if",
        "locations": [
          {
            "start": { "line": 230, "column": 8 },
            "end": { "line": 230, "column": 8 }
          },
          {
            "start": { "line": 230, "column": 8 },
            "end": { "line": 230, "column": 8 }
          }
        ]
      },
      "13": {
        "line": 272,
        "type": "if",
        "locations": [
          {
            "start": { "line": 272, "column": 8 },
            "end": { "line": 272, "column": 8 }
          },
          {
            "start": { "line": 272, "column": 8 },
            "end": { "line": 272, "column": 8 }
          }
        ]
      }
    }
  },
  "contracts/DollarMintingCalculator.sol": {
    "l": { "18": 0, "22": 0, "23": 0, "24": 0 },
    "path": "/home/zgo/work/src/github.com/ubiquity/uad-contracts/contracts/DollarMintingCalculator.sol",
    "s": { "1": 0, "2": 0, "3": 0, "4": 0 },
    "b": {},
    "f": { "1": 0, "2": 0 },
    "fnMap": {
      "1": {
        "name": "constructor",
        "line": 17,
        "loc": {
          "start": { "line": 17, "column": 4 },
          "end": { "line": 19, "column": 4 }
        }
      },
      "2": {
        "name": "getDollarsToMint",
        "line": 21,
        "loc": {
          "start": { "line": 21, "column": 4 },
          "end": { "line": 28, "column": 4 }
        }
      }
    },
    "statementMap": {
      "1": {
        "start": { "line": 18, "column": 8 },
        "end": { "line": 18, "column": 59 }
      },
      "2": {
        "start": { "line": 22, "column": 8 },
        "end": { "line": 22, "column": 67 }
      },
      "3": {
        "start": { "line": 23, "column": 8 },
        "end": { "line": 23, "column": 78 }
      },
      "4": {
        "start": { "line": 24, "column": 8 },
        "end": { "line": 24, "column": 956 }
      }
    },
    "branchMap": {}
  },
  "contracts/ExcessDollarsDistributor.sol": {
    "l": {
      "18": 0,
      "23": 0,
      "30": 0,
      "31": 0,
      "32": 0,
      "34": 0,
      "39": 0,
      "44": 0
    },
    "path": "/home/zgo/work/src/github.com/ubiquity/uad-contracts/contracts/ExcessDollarsDistributor.sol",
    "s": { "1": 0, "2": 0, "3": 0, "4": 0, "5": 0, "6": 0, "7": 0, "8": 0 },
    "b": {},
    "f": { "1": 0, "2": 0 },
    "fnMap": {
      "1": {
        "name": "constructor",
        "line": 17,
        "loc": {
          "start": { "line": 17, "column": 4 },
          "end": { "line": 19, "column": 4 }
        }
      },
      "2": {
        "name": "distributeDollars",
        "line": 21,
        "loc": {
          "start": { "line": 21, "column": 4 },
          "end": { "line": 48, "column": 4 }
        }
      }
    },
    "statementMap": {
      "1": {
        "start": { "line": 18, "column": 8 },
        "end": { "line": 18, "column": 59 }
      },
      "2": {
        "start": { "line": 23, "column": 8 },
        "end": { "line": 23, "column": 902 }
      },
      "3": {
        "start": { "line": 30, "column": 8 },
        "end": { "line": 30, "column": 44 }
      },
      "4": {
        "start": { "line": 31, "column": 8 },
        "end": { "line": 31, "column": 52 }
      },
      "5": {
        "start": { "line": 32, "column": 8 },
        "end": { "line": 32, "column": 45 }
      },
      "6": {
        "start": { "line": 34, "column": 8 },
        "end": { "line": 34, "column": 1310 }
      },
      "7": {
        "start": { "line": 39, "column": 8 },
        "end": { "line": 39, "column": 1450 }
      },
      "8": {
        "start": { "line": 44, "column": 8 },
        "end": { "line": 44, "column": 1607 }
      }
    },
    "branchMap": {}
  },
  "contracts/libs/UQ112x112.sol": {
    "l": { "15": 16, "20": 16 },
    "path": "/home/zgo/work/src/github.com/ubiquity/uad-contracts/contracts/libs/UQ112x112.sol",
    "s": { "1": 16, "2": 16 },
    "b": {},
    "f": { "1": 16, "2": 16 },
    "fnMap": {
      "1": {
        "name": "encode",
        "line": 14,
        "loc": {
          "start": { "line": 14, "column": 4 },
          "end": { "line": 16, "column": 4 }
        }
      },
      "2": {
        "name": "uqdiv",
        "line": 19,
        "loc": {
          "start": { "line": 19, "column": 4 },
          "end": { "line": 21, "column": 4 }
        }
      }
    },
    "statementMap": {
      "1": {
        "start": { "line": 15, "column": 8 },
        "end": { "line": 15, "column": 28 }
      },
      "2": {
        "start": { "line": 20, "column": 8 },
        "end": { "line": 20, "column": 25 }
      }
    },
    "branchMap": {}
  },
  "contracts/TWAPOracle.sol": {
    "l": {
      "33": 3,
      "34": 8,
      "35": 8,
      "37": 8,
      "38": 8,
      "41": 8,
      "43": 8,
      "44": 8,
      "45": 0,
      "57": 8,
      "59": 8,
      "60": 8,
      "62": 8,
      "64": 8,
      "67": 8,
      "71": 8,
      "79": 8,
      "80": 8,
      "82": 8,
      "84": 8,
      "86": 8,
      "88": 8,
      "91": 8,
      "96": 8,
      "100": 19,
      "102": 3,
      "109": 0,
      "111": 0,
      "114": 3,
      "118": 3,
      "119": 3,
      "120": 0,
      "126": 0,
      "136": 0,
      "137": 0,
      "139": 0,
      "140": 0
    },
    "path": "/home/zgo/work/src/github.com/ubiquity/uad-contracts/contracts/TWAPOracle.sol",
    "s": {
      "1": 3,
      "2": 8,
      "3": 8,
      "4": 8,
      "5": 8,
      "6": 8,
      "7": 8,
      "8": 8,
      "9": 8,
      "10": 8,
      "11": 8,
      "12": 8,
      "13": 8,
      "14": 8,
      "15": 8,
      "16": 0,
      "17": 8,
      "18": 8,
      "19": 8,
      "20": 8,
      "21": 8,
      "22": 8,
      "23": 8,
      "24": 19,
      "25": 3,
      "26": 3,
      "27": 0,
      "28": 3,
      "29": 3,
      "30": 3,
      "31": 3,
      "32": 0,
      "33": 0,
      "34": 0,
      "35": 0,
      "36": 0,
      "37": 0
    },
    "b": { "1": [8, 0], "2": [8, 8], "3": [8, 8], "4": [0, 0], "5": [0, 0] },
    "f": { "1": 3, "2": 8, "3": 8, "4": 19, "5": 0, "6": 0 },
    "fnMap": {
      "1": {
        "name": "constructor",
        "line": 28,
        "loc": {
          "start": { "line": 28, "column": 4 },
          "end": { "line": 46, "column": 4 }
        }
      },
      "2": {
        "name": "_currentCumulativePrices",
        "line": 48,
        "loc": {
          "start": { "line": 48, "column": 4 },
          "end": { "line": 75, "column": 4 }
        }
      },
      "3": {
        "name": "_update",
        "line": 78,
        "loc": {
          "start": { "line": 78, "column": 4 },
          "end": { "line": 97, "column": 4 }
        }
      },
      "4": {
        "name": "update",
        "line": 99,
        "loc": {
          "start": { "line": 99, "column": 4 },
          "end": { "line": 121, "column": 4 }
        }
      },
      "5": {
        "name": "_currentBlockTimestamp",
        "line": 125,
        "loc": {
          "start": { "line": 125, "column": 4 },
          "end": { "line": 127, "column": 4 }
        }
      },
      "6": {
        "name": "consult",
        "line": 131,
        "loc": {
          "start": { "line": 131, "column": 4 },
          "end": { "line": 142, "column": 4 }
        }
      }
    },
    "statementMap": {
      "1": {
        "start": { "line": 33, "column": 8 },
        "end": { "line": 33, "column": 19 }
      },
      "2": {
        "start": { "line": 34, "column": 8 },
        "end": { "line": 34, "column": 23 }
      },
      "3": {
        "start": { "line": 35, "column": 8 },
        "end": { "line": 35, "column": 23 }
      },
      "4": {
        "start": { "line": 37, "column": 8 },
        "end": { "line": 37, "column": 56 }
      },
      "5": {
        "start": { "line": 38, "column": 8 },
        "end": { "line": 38, "column": 56 }
      },
      "6": {
        "start": { "line": 41, "column": 8 },
        "end": { "line": 41, "column": 75 }
      },
      "7": {
        "start": { "line": 43, "column": 8 },
        "end": { "line": 43, "column": 63 }
      },
      "8": {
        "start": { "line": 44, "column": 8 },
        "end": { "line": 44, "column": 57 }
      },
      "9": {
        "start": { "line": 45, "column": 8 },
        "end": { "line": 45, "column": 55 }
      },
      "10": {
        "start": { "line": 57, "column": 8 },
        "end": { "line": 57, "column": 48 }
      },
      "11": {
        "start": { "line": 59, "column": 8 },
        "end": { "line": 59, "column": 46 }
      },
      "12": {
        "start": { "line": 60, "column": 8 },
        "end": { "line": 60, "column": 46 }
      },
      "13": {
        "start": { "line": 62, "column": 8 },
        "end": { "line": 62, "column": 1742 }
      },
      "14": {
        "start": { "line": 64, "column": 12 },
        "end": { "line": 64, "column": 74 }
      },
      "15": {
        "start": { "line": 67, "column": 12 },
        "end": { "line": 67, "column": 1990 }
      },
      "16": {
        "start": { "line": 71, "column": 12 },
        "end": { "line": 71, "column": 2124 }
      },
      "17": {
        "start": { "line": 79, "column": 8 },
        "end": { "line": 79, "column": 55 }
      },
      "18": {
        "start": { "line": 80, "column": 8 },
        "end": { "line": 80, "column": 55 }
      },
      "19": {
        "start": { "line": 82, "column": 8 },
        "end": { "line": 82, "column": 56 }
      },
      "20": {
        "start": { "line": 84, "column": 8 },
        "end": { "line": 84, "column": 72 }
      },
      "21": {
        "start": { "line": 86, "column": 8 },
        "end": { "line": 86, "column": 2589 }
      },
      "22": {
        "start": { "line": 88, "column": 12 },
        "end": { "line": 88, "column": 2738 }
      },
      "23": {
        "start": { "line": 91, "column": 12 },
        "end": { "line": 91, "column": 2875 }
      },
      "24": {
        "start": { "line": 96, "column": 8 },
        "end": { "line": 96, "column": 50 }
      },
      "25": {
        "start": { "line": 100, "column": 8 },
        "end": { "line": 100, "column": 16 }
      },
      "26": {
        "start": { "line": 102, "column": 8 },
        "end": { "line": 102, "column": 3144 }
      },
      "27": {
        "start": { "line": 109, "column": 8 },
        "end": { "line": 109, "column": 70 }
      },
      "28": {
        "start": { "line": 111, "column": 8 },
        "end": { "line": 111, "column": 3379 }
      },
      "29": {
        "start": { "line": 114, "column": 8 },
        "end": { "line": 114, "column": 3513 }
      },
      "30": {
        "start": { "line": 118, "column": 8 },
        "end": { "line": 118, "column": 46 }
      },
      "31": {
        "start": { "line": 119, "column": 8 },
        "end": { "line": 119, "column": 46 }
      },
      "32": {
        "start": { "line": 120, "column": 8 },
        "end": { "line": 120, "column": 48 }
      },
      "33": {
        "start": { "line": 126, "column": 8 },
        "end": { "line": 126, "column": 46 }
      },
      "34": {
        "start": { "line": 136, "column": 8 },
        "end": { "line": 136, "column": 4283 }
      },
      "35": {
        "start": { "line": 137, "column": 12 },
        "end": { "line": 137, "column": 62 }
      },
      "36": {
        "start": { "line": 139, "column": 12 },
        "end": { "line": 139, "column": 64 }
      },
      "37": {
        "start": { "line": 140, "column": 12 },
        "end": { "line": 140, "column": 62 }
      }
    },
    "branchMap": {
      "1": {
        "line": 41,
        "type": "if",
        "locations": [
          {
            "start": { "line": 41, "column": 8 },
            "end": { "line": 41, "column": 8 }
          },
          {
            "start": { "line": 41, "column": 8 },
            "end": { "line": 41, "column": 8 }
          }
        ]
      },
      "2": {
        "line": 62,
        "type": "if",
        "locations": [
          {
            "start": { "line": 62, "column": 8 },
            "end": { "line": 62, "column": 8 }
          },
          {
            "start": { "line": 62, "column": 8 },
            "end": { "line": 62, "column": 8 }
          }
        ]
      },
      "3": {
        "line": 86,
        "type": "if",
        "locations": [
          {
            "start": { "line": 86, "column": 8 },
            "end": { "line": 86, "column": 8 }
          },
          {
            "start": { "line": 86, "column": 8 },
            "end": { "line": 86, "column": 8 }
          }
        ]
      },
      "4": {
        "line": 136,
        "type": "if",
        "locations": [
          {
            "start": { "line": 136, "column": 8 },
            "end": { "line": 136, "column": 8 }
          },
          {
            "start": { "line": 136, "column": 8 },
            "end": { "line": 136, "column": 8 }
          }
        ]
      },
      "5": {
        "line": 139,
        "type": "if",
        "locations": [
          {
            "start": { "line": 139, "column": 12 },
            "end": { "line": 139, "column": 12 }
          },
          {
            "start": { "line": 139, "column": 12 },
            "end": { "line": 139, "column": 12 }
          }
        ]
      }
    }
  },
  "contracts/UbiquityAlgorithmicDollar.sol": {
    "l": {},
    "path": "/home/zgo/work/src/github.com/ubiquity/uad-contracts/contracts/UbiquityAlgorithmicDollar.sol",
    "s": {},
    "b": {},
    "f": { "1": 0 },
    "fnMap": {
      "1": {
        "name": "constructor",
        "line": 8,
        "loc": {
          "start": { "line": 8, "column": 4 },
          "end": { "line": 8, "column": 79 }
        }
      }
    },
    "statementMap": {},
    "branchMap": {}
  },
  "contracts/UbiquityAlgorithmicDollarManager.sol": {
    "l": {
      "40": 1,
      "41": 0,
      "45": 0,
      "46": 0,
      "47": 0,
      "54": 0,
      "61": 1,
      "65": 1,
      "72": 1,
      "79": 1,
      "86": 1,
      "93": 1,
      "117": 1,
      "127": 1,
      "130": 1,
      "132": 0,
      "136": 0,
      "137": 0,
      "142": 0,
      "143": 0,
      "146": 0,
      "152": 0,
      "159": 0,
      "166": 0,
      "173": 0,
      "181": 0
    },
    "path": "/home/zgo/work/src/github.com/ubiquity/uad-contracts/contracts/UbiquityAlgorithmicDollarManager.sol",
    "s": {
      "1": 1,
      "2": 0,
      "3": 0,
      "4": 0,
      "5": 0,
      "6": 1,
      "7": 1,
      "8": 1,
      "9": 1,
      "10": 1,
      "11": 1,
      "12": 1,
      "13": 1,
      "14": 0,
      "15": 0,
      "16": 0,
      "17": 0,
      "18": 0,
      "19": 0,
      "20": 0,
      "21": 0,
      "22": 0,
      "23": 0,
      "24": 0,
      "25": 0
    },
    "b": { "1": [0, 1] },
    "f": {
      "1": 0,
      "2": 0,
      "3": 0,
      "4": 1,
      "5": 1,
      "6": 1,
      "7": 1,
      "8": 1,
      "9": 1,
      "10": 1,
      "11": 0,
      "12": 0,
      "13": 0,
      "14": 0
    },
    "fnMap": {
      "1": {
        "name": "onlyAdmin",
        "line": 39,
        "loc": {
          "start": { "line": 39, "column": 4 },
          "end": { "line": 42, "column": 4 }
        }
      },
      "2": {
        "name": "constructor",
        "line": 44,
        "loc": {
          "start": { "line": 44, "column": 4 },
          "end": { "line": 48, "column": 4 }
        }
      },
      "3": {
        "name": "setTwapOracleAddress",
        "line": 52,
        "loc": {
          "start": { "line": 50, "column": 4 },
          "end": { "line": 55, "column": 4 }
        }
      },
      "4": {
        "name": "setDebtCouponAddress",
        "line": 59,
        "loc": {
          "start": { "line": 57, "column": 4 },
          "end": { "line": 62, "column": 4 }
        }
      },
      "5": {
        "name": "setuADTokenAddress",
        "line": 64,
        "loc": {
          "start": { "line": 64, "column": 4 },
          "end": { "line": 66, "column": 4 }
        }
      },
      "6": {
        "name": "setComparisonTokenAddress",
        "line": 70,
        "loc": {
          "start": { "line": 68, "column": 4 },
          "end": { "line": 73, "column": 4 }
        }
      },
      "7": {
        "name": "setCouponCalculatorAddress",
        "line": 77,
        "loc": {
          "start": { "line": 75, "column": 4 },
          "end": { "line": 80, "column": 4 }
        }
      },
      "8": {
        "name": "setDollarCalculatorAddress",
        "line": 84,
        "loc": {
          "start": { "line": 82, "column": 4 },
          "end": { "line": 87, "column": 4 }
        }
      },
      "9": {
        "name": "setExcessDollarsDistributor",
        "line": 92,
        "loc": {
          "start": { "line": 89, "column": 4 },
          "end": { "line": 96, "column": 4 }
        }
      },
      "10": {
        "name": "deployStableSwapPool",
        "line": 115,
        "loc": {
          "start": { "line": 109, "column": 4 },
          "end": { "line": 153, "column": 4 }
        }
      },
      "11": {
        "name": "setBondingShareAddress",
        "line": 157,
        "loc": {
          "start": { "line": 155, "column": 4 },
          "end": { "line": 160, "column": 4 }
        }
      },
      "12": {
        "name": "setStableSwapMetaPoolAddress",
        "line": 164,
        "loc": {
          "start": { "line": 162, "column": 4 },
          "end": { "line": 167, "column": 4 }
        }
      },
      "13": {
        "name": "setAutoRedeemPoolTokenAddress",
        "line": 171,
        "loc": {
          "start": { "line": 169, "column": 4 },
          "end": { "line": 174, "column": 4 }
        }
      },
      "14": {
        "name": "getExcessDollarsDistributor",
        "line": 176,
        "loc": {
          "start": { "line": 176, "column": 4 },
          "end": { "line": 182, "column": 4 }
        }
      }
    },
    "statementMap": {
      "1": {
        "start": { "line": 40, "column": 8 },
        "end": { "line": 40, "column": 78 }
      },
      "2": {
        "start": { "line": 45, "column": 8 },
        "end": { "line": 45, "column": 45 }
      },
      "3": {
        "start": { "line": 46, "column": 8 },
        "end": { "line": 46, "column": 46 }
      },
      "4": {
        "start": { "line": 47, "column": 8 },
        "end": { "line": 47, "column": 47 }
      },
      "5": {
        "start": { "line": 54, "column": 8 },
        "end": { "line": 54, "column": 45 }
      },
      "6": {
        "start": { "line": 61, "column": 8 },
        "end": { "line": 61, "column": 45 }
      },
      "7": {
        "start": { "line": 65, "column": 8 },
        "end": { "line": 65, "column": 41 }
      },
      "8": {
        "start": { "line": 72, "column": 8 },
        "end": { "line": 72, "column": 55 }
      },
      "9": {
        "start": { "line": 79, "column": 8 },
        "end": { "line": 79, "column": 57 }
      },
      "10": {
        "start": { "line": 86, "column": 8 },
        "end": { "line": 86, "column": 57 }
      },
      "11": {
        "start": { "line": 93, "column": 8 },
        "end": { "line": 93, "column": 3048 }
      },
      "12": {
        "start": { "line": 117, "column": 8 },
        "end": { "line": 117, "column": 4007 }
      },
      "13": {
        "start": { "line": 127, "column": 8 },
        "end": { "line": 127, "column": 43 }
      },
      "14": {
        "start": { "line": 130, "column": 8 },
        "end": { "line": 130, "column": 4513 }
      },
      "15": {
        "start": { "line": 132, "column": 8 },
        "end": { "line": 132, "column": 4613 }
      },
      "16": {
        "start": { "line": 136, "column": 8 },
        "end": { "line": 136, "column": 61 }
      },
      "17": {
        "start": { "line": 137, "column": 8 },
        "end": { "line": 137, "column": 4754 }
      },
      "18": {
        "start": { "line": 142, "column": 8 },
        "end": { "line": 142, "column": 55 }
      },
      "19": {
        "start": { "line": 143, "column": 8 },
        "end": { "line": 143, "column": 68 }
      },
      "20": {
        "start": { "line": 146, "column": 8 },
        "end": { "line": 146, "column": 5071 }
      },
      "21": {
        "start": { "line": 152, "column": 8 },
        "end": { "line": 152, "column": 64 }
      },
      "22": {
        "start": { "line": 159, "column": 8 },
        "end": { "line": 159, "column": 49 }
      },
      "23": {
        "start": { "line": 166, "column": 8 },
        "end": { "line": 166, "column": 61 }
      },
      "24": {
        "start": { "line": 173, "column": 8 },
        "end": { "line": 173, "column": 63 }
      },
      "25": {
        "start": { "line": 181, "column": 8 },
        "end": { "line": 181, "column": 67 }
      }
    },
    "branchMap": {
      "1": {
        "line": 40,
        "type": "if",
        "locations": [
          {
            "start": { "line": 40, "column": 8 },
            "end": { "line": 40, "column": 8 }
          },
          {
            "start": { "line": 40, "column": 8 },
            "end": { "line": 40, "column": 8 }
          }
        ]
      }
    }
  },
  "contracts/utils/CollectableDust.sol": {
    "l": {
      "23": 2,
      "27": 2,
      "28": 2,
      "32": 2,
      "36": 0,
      "37": 0,
      "45": 0,
      "49": 0,
      "53": 0,
      "54": 0,
      "56": 0,
      "58": 0
    },
    "path": "/home/zgo/work/src/github.com/ubiquity/uad-contracts/contracts/utils/CollectableDust.sol",
    "s": {
      "1": 2,
      "2": 2,
      "3": 2,
      "4": 2,
      "5": 0,
      "6": 2,
      "7": 0,
      "8": 0,
      "9": 0,
      "10": 0,
      "11": 0,
      "12": 0
    },
    "b": { "1": [2, 0], "2": [2, 0], "3": [0, 0], "4": [0, 0], "5": [0, 0] },
    "f": { "1": 2, "2": 2, "3": 2, "4": 2 },
    "fnMap": {
      "1": {
        "name": "constructor",
        "line": 20,
        "loc": {
          "start": { "line": 20, "column": 4 },
          "end": { "line": 20, "column": 19 }
        }
      },
      "2": {
        "name": "_addProtocolToken",
        "line": 22,
        "loc": {
          "start": { "line": 22, "column": 4 },
          "end": { "line": 29, "column": 4 }
        }
      },
      "3": {
        "name": "_removeProtocolToken",
        "line": 31,
        "loc": {
          "start": { "line": 31, "column": 4 },
          "end": { "line": 38, "column": 4 }
        }
      },
      "4": {
        "name": "_sendDust",
        "line": 40,
        "loc": {
          "start": { "line": 40, "column": 4 },
          "end": { "line": 59, "column": 4 }
        }
      }
    },
    "statementMap": {
      "1": {
        "start": { "line": 23, "column": 8 },
        "end": { "line": 23, "column": 783 }
      },
      "2": {
        "start": { "line": 27, "column": 8 },
        "end": { "line": 27, "column": 34 }
      },
      "3": {
        "start": { "line": 28, "column": 8 },
        "end": { "line": 28, "column": 39 }
      },
      "4": {
        "start": { "line": 32, "column": 8 },
        "end": { "line": 32, "column": 1066 }
      },
      "5": {
        "start": { "line": 36, "column": 8 },
        "end": { "line": 36, "column": 37 }
      },
      "6": {
        "start": { "line": 37, "column": 8 },
        "end": { "line": 37, "column": 41 }
      },
      "7": {
        "start": { "line": 45, "column": 8 },
        "end": { "line": 45, "column": 1403 }
      },
      "8": {
        "start": { "line": 49, "column": 8 },
        "end": { "line": 49, "column": 1525 }
      },
      "9": {
        "start": { "line": 53, "column": 8 },
        "end": { "line": 53, "column": 1662 }
      },
      "10": {
        "start": { "line": 54, "column": 12 },
        "end": { "line": 54, "column": 41 }
      },
      "11": {
        "start": { "line": 56, "column": 12 },
        "end": { "line": 56, "column": 52 }
      },
      "12": {
        "start": { "line": 58, "column": 8 },
        "end": { "line": 58, "column": 43 }
      }
    },
    "branchMap": {
      "1": {
        "line": 23,
        "type": "if",
        "locations": [
          {
            "start": { "line": 23, "column": 8 },
            "end": { "line": 23, "column": 8 }
          },
          {
            "start": { "line": 23, "column": 8 },
            "end": { "line": 23, "column": 8 }
          }
        ]
      },
      "2": {
        "line": 32,
        "type": "if",
        "locations": [
          {
            "start": { "line": 32, "column": 8 },
            "end": { "line": 32, "column": 8 }
          },
          {
            "start": { "line": 32, "column": 8 },
            "end": { "line": 32, "column": 8 }
          }
        ]
      },
      "3": {
        "line": 45,
        "type": "if",
        "locations": [
          {
            "start": { "line": 45, "column": 8 },
            "end": { "line": 45, "column": 8 }
          },
          {
            "start": { "line": 45, "column": 8 },
            "end": { "line": 45, "column": 8 }
          }
        ]
      },
      "4": {
        "line": 49,
        "type": "if",
        "locations": [
          {
            "start": { "line": 49, "column": 8 },
            "end": { "line": 49, "column": 8 }
          },
          {
            "start": { "line": 49, "column": 8 },
            "end": { "line": 49, "column": 8 }
          }
        ]
      },
      "5": {
        "line": 53,
        "type": "if",
        "locations": [
          {
            "start": { "line": 53, "column": 8 },
            "end": { "line": 53, "column": 8 }
          },
          {
            "start": { "line": 53, "column": 8 },
            "end": { "line": 53, "column": 8 }
          }
        ]
      }
    }
  }
}
