{
  "contracts/Bonding.sol": {
    "l": {
      "33": 25,
      "37": 18,
      "41": 3,
      "42": 3,
      "54": 3,
      "62": 3,
      "70": 2,
      "77": 2,
      "78": 2,
      "82": 2,
      "83": 2,
      "90": 2,
      "91": 2,
      "98": 4,
      "99": 4,
      "103": 2,
      "104": 2,
      "105": 2,
      "109": 2,
      "114": 2,
      "118": 3,
      "120": 3,
      "126": 2,
      "131": 2,
      "134": 2,
      "135": 1,
      "143": 1,
      "145": 1,
      "148": 1,
      "149": 1,
      "151": 1,
      "152": 1,
      "157": 1,
      "168": 0,
      "174": 4,
      "177": 4,
      "186": 2,
      "194": 2,
      "195": 2,
      "197": 2,
      "198": 2,
      "203": 2,
      "206": 2,
      "213": 5
    },
    "path": "/home/zgo/work/src/github.com/ubiquity/uad-contracts/contracts/Bonding.sol",
    "s": {
      "1": 25,
      "2": 3,
      "3": 3,
      "4": 3,
      "5": 3,
      "6": 2,
      "7": 2,
      "8": 2,
      "9": 2,
      "10": 2,
      "11": 2,
      "12": 2,
      "13": 4,
      "14": 4,
      "15": 2,
      "16": 2,
      "17": 2,
      "18": 2,
      "19": 2,
      "20": 3,
      "21": 3,
      "22": 2,
      "23": 2,
      "24": 2,
      "25": 1,
      "26": 1,
      "27": 1,
      "28": 1,
      "29": 1,
      "30": 1,
      "31": 1,
      "32": 1,
      "33": 0,
      "34": 4,
      "35": 4,
      "36": 2,
      "37": 2,
      "38": 2,
      "39": 2,
      "40": 2,
      "41": 2,
      "42": 2,
      "43": 5
    },
    "b": { "1": [18, 7], "2": [2, 0], "3": [2, 1], "4": [1, 1], "5": [2, 0] },
    "f": {
      "1": 25,
      "2": 3,
      "3": 3,
      "4": 3,
      "5": 2,
      "6": 2,
      "7": 2,
      "8": 2,
      "9": 4,
      "10": 2,
      "11": 3,
      "12": 0,
      "13": 4,
      "14": 2,
      "15": 2,
      "16": 5
    },
    "fnMap": {
      "1": {
        "name": "onlyBondingManager",
        "line": 32,
        "loc": {
          "start": { "line": 32, "column": 4 },
          "end": { "line": 38, "column": 4 }
        }
      },
      "2": {
        "name": "constructor",
        "line": 40,
        "loc": {
          "start": { "line": 40, "column": 4 },
          "end": { "line": 43, "column": 4 }
        }
      },
      "3": {
        "name": "addProtocolToken",
        "line": 52,
        "loc": {
          "start": { "line": 49, "column": 4 },
          "end": { "line": 55, "column": 4 }
        }
      },
      "4": {
        "name": "removeProtocolToken",
        "line": 60,
        "loc": {
          "start": { "line": 57, "column": 4 },
          "end": { "line": 63, "column": 4 }
        }
      },
      "5": {
        "name": "sendDust",
        "line": 69,
        "loc": {
          "start": { "line": 65, "column": 4 },
          "end": { "line": 71, "column": 4 }
        }
      },
      "6": {
        "name": "setMaxBondingPrice",
        "line": 75,
        "loc": {
          "start": { "line": 73, "column": 4 },
          "end": { "line": 79, "column": 4 }
        }
      },
      "7": {
        "name": "setSablier",
        "line": 81,
        "loc": {
          "start": { "line": 81, "column": 4 },
          "end": { "line": 84, "column": 4 }
        }
      },
      "8": {
        "name": "setBondingDiscountMultiplier",
        "line": 88,
        "loc": {
          "start": { "line": 86, "column": 4 },
          "end": { "line": 92, "column": 4 }
        }
      },
      "9": {
        "name": "setRedeemStreamTime",
        "line": 96,
        "loc": {
          "start": { "line": 94, "column": 4 },
          "end": { "line": 100, "column": 4 }
        }
      },
      "10": {
        "name": "bondTokens",
        "line": 102,
        "loc": {
          "start": { "line": 102, "column": 4 },
          "end": { "line": 115, "column": 4 }
        }
      },
      "11": {
        "name": "redeemShares",
        "line": 117,
        "loc": {
          "start": { "line": 117, "column": 4 },
          "end": { "line": 165, "column": 4 }
        }
      },
      "12": {
        "name": "redeemAllShares",
        "line": 167,
        "loc": {
          "start": { "line": 167, "column": 4 },
          "end": { "line": 171, "column": 4 }
        }
      },
      "13": {
        "name": "currentShareValue",
        "line": 173,
        "loc": {
          "start": { "line": 173, "column": 4 },
          "end": { "line": 183, "column": 4 }
        }
      },
      "14": {
        "name": "currentTokenPrice",
        "line": 185,
        "loc": {
          "start": { "line": 185, "column": 4 },
          "end": { "line": 191, "column": 4 }
        }
      },
      "15": {
        "name": "_bond",
        "line": 193,
        "loc": {
          "start": { "line": 193, "column": 4 },
          "end": { "line": 210, "column": 4 }
        }
      },
      "16": {
        "name": "_updateOracle",
        "line": 212,
        "loc": {
          "start": { "line": 212, "column": 4 },
          "end": { "line": 214, "column": 4 }
        }
      }
    },
    "statementMap": {
      "1": {
        "start": { "line": 33, "column": 8 },
        "end": { "line": 33, "column": 1254 }
      },
      "2": {
        "start": { "line": 41, "column": 8 },
        "end": { "line": 41, "column": 59 }
      },
      "3": {
        "start": { "line": 42, "column": 8 },
        "end": { "line": 42, "column": 35 }
      },
      "4": {
        "start": { "line": 54, "column": 8 },
        "end": { "line": 54, "column": 32 }
      },
      "5": {
        "start": { "line": 62, "column": 8 },
        "end": { "line": 62, "column": 35 }
      },
      "6": {
        "start": { "line": 70, "column": 8 },
        "end": { "line": 70, "column": 38 }
      },
      "7": {
        "start": { "line": 77, "column": 8 },
        "end": { "line": 77, "column": 41 }
      },
      "8": {
        "start": { "line": 78, "column": 8 },
        "end": { "line": 78, "column": 53 }
      },
      "9": {
        "start": { "line": 82, "column": 8 },
        "end": { "line": 82, "column": 35 }
      },
      "10": {
        "start": { "line": 83, "column": 8 },
        "end": { "line": 83, "column": 37 }
      },
      "11": {
        "start": { "line": 90, "column": 8 },
        "end": { "line": 90, "column": 61 }
      },
      "12": {
        "start": { "line": 91, "column": 8 },
        "end": { "line": 91, "column": 73 }
      },
      "13": {
        "start": { "line": 98, "column": 8 },
        "end": { "line": 98, "column": 43 }
      },
      "14": {
        "start": { "line": 99, "column": 8 },
        "end": { "line": 99, "column": 55 }
      },
      "15": {
        "start": { "line": 103, "column": 8 },
        "end": { "line": 103, "column": 22 }
      },
      "16": {
        "start": { "line": 104, "column": 8 },
        "end": { "line": 104, "column": 50 }
      },
      "17": {
        "start": { "line": 105, "column": 8 },
        "end": { "line": 105, "column": 3199 }
      },
      "18": {
        "start": { "line": 109, "column": 8 },
        "end": { "line": 109, "column": 3320 }
      },
      "19": {
        "start": { "line": 114, "column": 8 },
        "end": { "line": 114, "column": 35 }
      },
      "20": {
        "start": { "line": 118, "column": 8 },
        "end": { "line": 118, "column": 22 }
      },
      "21": {
        "start": { "line": 120, "column": 8 },
        "end": { "line": 120, "column": 3591 }
      },
      "22": {
        "start": { "line": 126, "column": 8 },
        "end": { "line": 126, "column": 3784 }
      },
      "23": {
        "start": { "line": 131, "column": 8 },
        "end": { "line": 131, "column": 3969 }
      },
      "24": {
        "start": { "line": 134, "column": 8 },
        "end": { "line": 134, "column": 4010 }
      },
      "25": {
        "start": { "line": 135, "column": 12 },
        "end": { "line": 135, "column": 4055 }
      },
      "26": {
        "start": { "line": 143, "column": 12 },
        "end": { "line": 143, "column": 57 }
      },
      "27": {
        "start": { "line": 145, "column": 12 },
        "end": { "line": 145, "column": 66 }
      },
      "28": {
        "start": { "line": 148, "column": 12 },
        "end": { "line": 148, "column": 64 }
      },
      "29": {
        "start": { "line": 149, "column": 12 },
        "end": { "line": 149, "column": 76 }
      },
      "30": {
        "start": { "line": 151, "column": 12 },
        "end": { "line": 151, "column": 77 }
      },
      "31": {
        "start": { "line": 152, "column": 12 },
        "end": { "line": 152, "column": 4940 }
      },
      "32": {
        "start": { "line": 157, "column": 12 },
        "end": { "line": 157, "column": 5077 }
      },
      "33": {
        "start": { "line": 168, "column": 8 },
        "end": { "line": 168, "column": 5331 }
      },
      "34": {
        "start": { "line": 174, "column": 8 },
        "end": { "line": 174, "column": 5577 }
      },
      "35": {
        "start": { "line": 177, "column": 8 },
        "end": { "line": 177, "column": 5642 }
      },
      "36": {
        "start": { "line": 186, "column": 8 },
        "end": { "line": 186, "column": 5923 }
      },
      "37": {
        "start": { "line": 194, "column": 8 },
        "end": { "line": 194, "column": 48 }
      },
      "38": {
        "start": { "line": 195, "column": 8 },
        "end": { "line": 195, "column": 74 }
      },
      "39": {
        "start": { "line": 197, "column": 8 },
        "end": { "line": 197, "column": 6285 }
      },
      "40": {
        "start": { "line": 198, "column": 12 },
        "end": { "line": 198, "column": 6383 }
      },
      "41": {
        "start": { "line": 203, "column": 12 },
        "end": { "line": 203, "column": 53 }
      },
      "42": {
        "start": { "line": 206, "column": 8 },
        "end": { "line": 206, "column": 6626 }
      },
      "43": {
        "start": { "line": 213, "column": 8 },
        "end": { "line": 213, "column": 56 }
      }
    },
    "branchMap": {
      "1": {
        "line": 33,
        "type": "if",
        "locations": [
          {
            "start": { "line": 33, "column": 8 },
            "end": { "line": 33, "column": 8 }
          },
          {
            "start": { "line": 33, "column": 8 },
            "end": { "line": 33, "column": 8 }
          }
        ]
      },
      "2": {
        "line": 105,
        "type": "if",
        "locations": [
          {
            "start": { "line": 105, "column": 8 },
            "end": { "line": 105, "column": 8 }
          },
          {
            "start": { "line": 105, "column": 8 },
            "end": { "line": 105, "column": 8 }
          }
        ]
      },
      "3": {
        "line": 120,
        "type": "if",
        "locations": [
          {
            "start": { "line": 120, "column": 8 },
            "end": { "line": 120, "column": 8 }
          },
          {
            "start": { "line": 120, "column": 8 },
            "end": { "line": 120, "column": 8 }
          }
        ]
      },
      "4": {
        "line": 134,
        "type": "if",
        "locations": [
          {
            "start": { "line": 134, "column": 8 },
            "end": { "line": 134, "column": 8 }
          },
          {
            "start": { "line": 134, "column": 8 },
            "end": { "line": 134, "column": 8 }
          }
        ]
      },
      "5": {
        "line": 197,
        "type": "if",
        "locations": [
          {
            "start": { "line": 197, "column": 8 },
            "end": { "line": 197, "column": 8 }
          },
          {
            "start": { "line": 197, "column": 8 },
            "end": { "line": 197, "column": 8 }
          }
        ]
      }
    }
  },
  "contracts/BondingShare.sol": {
    "l": {},
    "path": "/home/zgo/work/src/github.com/ubiquity/uad-contracts/contracts/BondingShare.sol",
    "s": {},
    "b": {},
    "f": { "1": 6 },
    "fnMap": {
      "1": {
        "name": "constructor",
        "line": 8,
        "loc": {
          "start": { "line": 8, "column": 4 },
          "end": { "line": 8, "column": 71 }
        }
      }
    },
    "statementMap": {},
    "branchMap": {}
  },
  "contracts/CouponsForDollarsCalculator.sol": {
    "l": { "18": 0, "27": 0, "28": 0, "30": 0, "32": 0, "35": 0 },
    "path": "/home/zgo/work/src/github.com/ubiquity/uad-contracts/contracts/CouponsForDollarsCalculator.sol",
    "s": { "1": 0, "2": 0, "3": 0, "4": 0, "5": 0, "6": 0 },
    "b": {},
    "f": { "1": 0, "2": 0 },
    "fnMap": {
      "1": {
        "name": "constructor",
        "line": 17,
        "loc": {
          "start": { "line": 17, "column": 4 },
          "end": { "line": 19, "column": 4 }
        }
      },
      "2": {
        "name": "getCouponAmount",
        "line": 21,
        "loc": {
          "start": { "line": 21, "column": 4 },
          "end": { "line": 36, "column": 4 }
        }
      }
    },
    "statementMap": {
      "1": {
        "start": { "line": 18, "column": 8 },
        "end": { "line": 18, "column": 59 }
      },
      "2": {
        "start": { "line": 27, "column": 8 },
        "end": { "line": 27, "column": 23 }
      },
      "3": {
        "start": { "line": 28, "column": 8 },
        "end": { "line": 28, "column": 961 }
      },
      "4": {
        "start": { "line": 30, "column": 8 },
        "end": { "line": 30, "column": 1065 }
      },
      "5": {
        "start": { "line": 32, "column": 8 },
        "end": { "line": 32, "column": 70 }
      },
      "6": {
        "start": { "line": 35, "column": 8 },
        "end": { "line": 35, "column": 66 }
      }
    },
    "branchMap": {}
  },
  "contracts/DebtCoupon.sol": {
    "l": {
      "40": 0,
      "44": 0,
      "49": 0,
      "50": 0,
      "58": 0,
      "62": 0,
      "63": 0,
      "74": 0,
      "75": 0,
      "79": 0,
      "82": 0,
      "84": 0,
      "97": 0,
      "101": 0,
      "102": 0,
      "105": 0,
      "107": 0,
      "113": 0,
      "114": 0,
      "117": 0,
      "118": 0,
      "120": 0,
      "121": 0,
      "124": 0,
      "127": 0,
      "128": 0,
      "130": 0,
      "136": 0,
      "137": 0,
      "138": 0,
      "140": 0,
      "141": 0,
      "142": 0,
      "144": 0,
      "148": 0,
      "153": 0
    },
    "path": "/home/zgo/work/src/github.com/ubiquity/uad-contracts/contracts/DebtCoupon.sol",
    "s": {
      "1": 0,
      "2": 0,
      "3": 0,
      "4": 0,
      "5": 0,
      "6": 0,
      "7": 0,
      "8": 0,
      "9": 0,
      "10": 0,
      "11": 0,
      "12": 0,
      "13": 0,
      "14": 0,
      "15": 0,
      "16": 0,
      "17": 0,
      "18": 0,
      "19": 0,
      "20": 0,
      "21": 0,
      "22": 0,
      "23": 0,
      "24": 0,
      "25": 0,
      "26": 0,
      "27": 0,
      "28": 0,
      "29": 0,
      "30": 0,
      "31": 0,
      "32": 0,
      "33": 0,
      "34": 0
    },
    "b": { "1": [0, 0], "2": [0, 0], "3": [0, 0], "4": [0, 0], "5": [0, 0] },
    "f": { "1": 0, "2": 0, "3": 0, "4": 0, "5": 0, "6": 0, "7": 0 },
    "fnMap": {
      "1": {
        "name": "onlyCouponManager",
        "line": 39,
        "loc": {
          "start": { "line": 39, "column": 4 },
          "end": { "line": 45, "column": 4 }
        }
      },
      "2": {
        "name": "constructor",
        "line": 48,
        "loc": {
          "start": { "line": 48, "column": 4 },
          "end": { "line": 51, "column": 4 }
        }
      },
      "3": {
        "name": "setRedemptionContractAddress",
        "line": 56,
        "loc": {
          "start": { "line": 54, "column": 4 },
          "end": { "line": 64, "column": 4 }
        }
      },
      "4": {
        "name": "mintCoupons",
        "line": 73,
        "loc": {
          "start": { "line": 69, "column": 4 },
          "end": { "line": 85, "column": 4 }
        }
      },
      "5": {
        "name": "burnCoupons",
        "line": 96,
        "loc": {
          "start": { "line": 92, "column": 4 },
          "end": { "line": 108, "column": 4 }
        }
      },
      "6": {
        "name": "updateTotalDebt",
        "line": 112,
        "loc": {
          "start": { "line": 112, "column": 4 },
          "end": { "line": 132, "column": 4 }
        }
      },
      "7": {
        "name": "getTotalOutstandingDebt",
        "line": 135,
        "loc": {
          "start": { "line": 135, "column": 4 },
          "end": { "line": 154, "column": 4 }
        }
      }
    },
    "statementMap": {
      "1": {
        "start": { "line": 40, "column": 8 },
        "end": { "line": 40, "column": 1466 }
      },
      "2": {
        "start": { "line": 49, "column": 8 },
        "end": { "line": 49, "column": 59 }
      },
      "3": {
        "start": { "line": 50, "column": 8 },
        "end": { "line": 50, "column": 32 }
      },
      "4": {
        "start": { "line": 58, "column": 8 },
        "end": { "line": 58, "column": 2074 }
      },
      "5": {
        "start": { "line": 62, "column": 8 },
        "end": { "line": 62, "column": 36 }
      },
      "6": {
        "start": { "line": 63, "column": 8 },
        "end": { "line": 63, "column": 45 }
      },
      "7": {
        "start": { "line": 74, "column": 8 },
        "end": { "line": 74, "column": 54 }
      },
      "8": {
        "start": { "line": 75, "column": 8 },
        "end": { "line": 75, "column": 64 }
      },
      "9": {
        "start": { "line": 79, "column": 8 },
        "end": { "line": 79, "column": 54 }
      },
      "10": {
        "start": { "line": 82, "column": 8 },
        "end": { "line": 82, "column": 3064 }
      },
      "11": {
        "start": { "line": 84, "column": 8 },
        "end": { "line": 84, "column": 64 }
      },
      "12": {
        "start": { "line": 97, "column": 8 },
        "end": { "line": 97, "column": 3668 }
      },
      "13": {
        "start": { "line": 101, "column": 8 },
        "end": { "line": 101, "column": 52 }
      },
      "14": {
        "start": { "line": 102, "column": 8 },
        "end": { "line": 102, "column": 66 }
      },
      "15": {
        "start": { "line": 105, "column": 8 },
        "end": { "line": 105, "column": 4032 }
      },
      "16": {
        "start": { "line": 107, "column": 8 },
        "end": { "line": 107, "column": 64 }
      },
      "17": {
        "start": { "line": 113, "column": 8 },
        "end": { "line": 113, "column": 44 }
      },
      "18": {
        "start": { "line": 114, "column": 8 },
        "end": { "line": 114, "column": 67 }
      },
      "19": {
        "start": { "line": 117, "column": 8 },
        "end": { "line": 117, "column": 4534 }
      },
      "20": {
        "start": { "line": 118, "column": 12 },
        "end": { "line": 118, "column": 4612 }
      },
      "21": {
        "start": { "line": 120, "column": 16 },
        "end": { "line": 120, "column": 64 }
      },
      "22": {
        "start": { "line": 121, "column": 16 },
        "end": { "line": 121, "column": 45 }
      },
      "23": {
        "start": { "line": 124, "column": 16 },
        "end": { "line": 124, "column": 4943 }
      },
      "24": {
        "start": { "line": 128, "column": 16 },
        "end": { "line": 128, "column": 61 }
      },
      "25": {
        "start": { "line": 130, "column": 12 },
        "end": { "line": 130, "column": 62 }
      },
      "26": {
        "start": { "line": 136, "column": 8 },
        "end": { "line": 136, "column": 55 }
      },
      "27": {
        "start": { "line": 137, "column": 8 },
        "end": { "line": 137, "column": 44 }
      },
      "28": {
        "start": { "line": 138, "column": 8 },
        "end": { "line": 138, "column": 75 }
      },
      "29": {
        "start": { "line": 140, "column": 8 },
        "end": { "line": 140, "column": 5636 }
      },
      "30": {
        "start": { "line": 141, "column": 12 },
        "end": { "line": 141, "column": 5714 }
      },
      "31": {
        "start": { "line": 142, "column": 16 },
        "end": { "line": 142, "column": 45 }
      },
      "32": {
        "start": { "line": 144, "column": 16 },
        "end": { "line": 144, "column": 5844 }
      },
      "33": {
        "start": { "line": 148, "column": 12 },
        "end": { "line": 148, "column": 5979 }
      },
      "34": {
        "start": { "line": 153, "column": 8 },
        "end": { "line": 153, "column": 30 }
      }
    },
    "branchMap": {
      "1": {
        "line": 40,
        "type": "if",
        "locations": [
          {
            "start": { "line": 40, "column": 8 },
            "end": { "line": 40, "column": 8 }
          },
          {
            "start": { "line": 40, "column": 8 },
            "end": { "line": 40, "column": 8 }
          }
        ]
      },
      "2": {
        "line": 58,
        "type": "if",
        "locations": [
          {
            "start": { "line": 58, "column": 8 },
            "end": { "line": 58, "column": 8 }
          },
          {
            "start": { "line": 58, "column": 8 },
            "end": { "line": 58, "column": 8 }
          }
        ]
      },
      "3": {
        "line": 97,
        "type": "if",
        "locations": [
          {
            "start": { "line": 97, "column": 8 },
            "end": { "line": 97, "column": 8 }
          },
          {
            "start": { "line": 97, "column": 8 },
            "end": { "line": 97, "column": 8 }
          }
        ]
      },
      "4": {
        "line": 118,
        "type": "if",
        "locations": [
          {
            "start": { "line": 118, "column": 12 },
            "end": { "line": 118, "column": 12 }
          },
          {
            "start": { "line": 118, "column": 12 },
            "end": { "line": 118, "column": 12 }
          }
        ]
      },
      "5": {
        "line": 141,
        "type": "if",
        "locations": [
          {
            "start": { "line": 141, "column": 12 },
            "end": { "line": 141, "column": 12 }
          },
          {
            "start": { "line": 141, "column": 12 },
            "end": { "line": 141, "column": 12 }
          }
        ]
      }
    }
  },
  "contracts/DebtCouponManager.sol": {
    "l": {
      "37": 0,
      "38": 0,
      "47": 0,
      "49": 0,
      "51": 0,
      "52": 0,
      "55": 0,
      "57": 0,
      "59": 0,
      "61": 0,
      "63": 0,
      "64": 0,
      "67": 0,
      "77": 0,
      "79": 0,
      "90": 0,
      "92": 0,
      "100": 0,
      "114": 0,
      "126": 0,
      "128": 0,
      "129": 0,
      "134": 0,
      "136": 0,
      "139": 0,
      "141": 0,
      "142": 0,
      "144": 0,
      "154": 0,
      "156": 0,
      "161": 0,
      "163": 0,
      "169": 0,
      "170": 0,
      "173": 0,
      "174": 0,
      "176": 0,
      "182": 0,
      "183": 0,
      "185": 0,
      "197": 0,
      "199": 0,
      "201": 0,
      "203": 0,
      "204": 0,
      "209": 0,
      "211": 0,
      "215": 0,
      "217": 0,
      "218": 0,
      "221": 0,
      "223": 0,
      "229": 0,
      "237": 0,
      "239": 0,
      "241": 0,
      "245": 0,
      "246": 0,
      "249": 0,
      "252": 0,
      "256": 0,
      "260": 0,
      "265": 0,
      "267": 0,
      "270": 0,
      "271": 0,
      "275": 0,
      "276": 0,
      "279": 0,
      "285": 0,
      "289": 0,
      "294": 0,
      "295": 0
    },
    "path": "/home/zgo/work/src/github.com/ubiquity/uad-contracts/contracts/DebtCouponManager.sol",
    "s": {
      "1": 0,
      "2": 0,
      "3": 0,
      "4": 0,
      "5": 0,
      "6": 0,
      "7": 0,
      "8": 0,
      "9": 0,
      "10": 0,
      "11": 0,
      "12": 0,
      "13": 0,
      "14": 0,
      "15": 0,
      "16": 0,
      "17": 0,
      "18": 0,
      "19": 0,
      "20": 0,
      "21": 0,
      "22": 0,
      "23": 0,
      "24": 0,
      "25": 0,
      "26": 0,
      "27": 0,
      "28": 0,
      "29": 0,
      "30": 0,
      "31": 0,
      "32": 0,
      "33": 0,
      "34": 0,
      "35": 0,
      "36": 0,
      "37": 0,
      "38": 0,
      "39": 0,
      "40": 0,
      "41": 0,
      "42": 0,
      "43": 0,
      "44": 0,
      "45": 0,
      "46": 0,
      "47": 0,
      "48": 0,
      "49": 0,
      "50": 0,
      "51": 0,
      "52": 0,
      "53": 0,
      "54": 0,
      "55": 0,
      "56": 0,
      "57": 0,
      "58": 0,
      "59": 0,
      "60": 0,
      "61": 0,
      "62": 0,
      "63": 0,
      "64": 0,
      "65": 0,
      "66": 0,
      "67": 0,
      "68": 0,
      "69": 0,
      "70": 0,
      "71": 0,
      "72": 0,
      "73": 0
    },
    "b": {
      "1": [0, 0],
      "2": [0, 0],
      "3": [0, 0],
      "4": [0, 0],
      "5": [0, 0],
      "6": [0, 0],
      "7": [0, 0],
      "8": [0, 0],
      "9": [0, 0],
      "10": [0, 0],
      "11": [0, 0],
      "12": [0, 0],
      "13": [0, 0]
    },
    "f": {
      "1": 0,
      "2": 0,
      "3": 0,
      "4": 0,
      "5": 0,
      "6": 0,
      "7": 0,
      "8": 0,
      "9": 0,
      "10": 0,
      "11": 0
    },
    "fnMap": {
      "1": {
        "name": "constructor",
        "line": 36,
        "loc": {
          "start": { "line": 36, "column": 4 },
          "end": { "line": 39, "column": 4 }
        }
      },
      "2": {
        "name": "exchangeDollarsForCoupons",
        "line": 43,
        "loc": {
          "start": { "line": 43, "column": 4 },
          "end": { "line": 68, "column": 4 }
        }
      },
      "3": {
        "name": "getCouponsReturnedForDollars",
        "line": 72,
        "loc": {
          "start": { "line": 72, "column": 4 },
          "end": { "line": 80, "column": 4 }
        }
      },
      "4": {
        "name": "onERC1155Received",
        "line": 83,
        "loc": {
          "start": { "line": 83, "column": 4 },
          "end": { "line": 102, "column": 4 }
        }
      },
      "5": {
        "name": "onERC1155BatchReceived",
        "line": 106,
        "loc": {
          "start": { "line": 106, "column": 4 },
          "end": { "line": 115, "column": 4 }
        }
      },
      "6": {
        "name": "burnCouponsForAutoRedemption",
        "line": 121,
        "loc": {
          "start": { "line": 121, "column": 4 },
          "end": { "line": 145, "column": 4 }
        }
      },
      "7": {
        "name": "burnAutoRedeemTokensForDollars",
        "line": 150,
        "loc": {
          "start": { "line": 150, "column": 4 },
          "end": { "line": 177, "column": 4 }
        }
      },
      "8": {
        "name": "autoRedeemCoupons",
        "line": 180,
        "loc": {
          "start": { "line": 180, "column": 4 },
          "end": { "line": 188, "column": 4 }
        }
      },
      "9": {
        "name": "redeemCoupons",
        "line": 193,
        "loc": {
          "start": { "line": 193, "column": 4 },
          "end": { "line": 242, "column": 4 }
        }
      },
      "10": {
        "name": "mintClaimableDollars",
        "line": 244,
        "loc": {
          "start": { "line": 244, "column": 4 },
          "end": { "line": 291, "column": 4 }
        }
      },
      "11": {
        "name": "_getTwapPrice",
        "line": 293,
        "loc": {
          "start": { "line": 293, "column": 4 },
          "end": { "line": 296, "column": 4 }
        }
      }
    },
    "statementMap": {
      "1": {
        "start": { "line": 37, "column": 8 },
        "end": { "line": 37, "column": 59 }
      },
      "2": {
        "start": { "line": 38, "column": 8 },
        "end": { "line": 38, "column": 47 }
      },
      "3": {
        "start": { "line": 47, "column": 8 },
        "end": { "line": 47, "column": 43 }
      },
      "4": {
        "start": { "line": 49, "column": 8 },
        "end": { "line": 49, "column": 76 }
      },
      "5": {
        "start": { "line": 51, "column": 8 },
        "end": { "line": 51, "column": 71 }
      },
      "6": {
        "start": { "line": 52, "column": 8 },
        "end": { "line": 52, "column": 35 }
      },
      "7": {
        "start": { "line": 55, "column": 8 },
        "end": { "line": 55, "column": 33 }
      },
      "8": {
        "start": { "line": 57, "column": 8 },
        "end": { "line": 57, "column": 2387 }
      },
      "9": {
        "start": { "line": 59, "column": 8 },
        "end": { "line": 59, "column": 72 }
      },
      "10": {
        "start": { "line": 61, "column": 8 },
        "end": { "line": 61, "column": 72 }
      },
      "11": {
        "start": { "line": 63, "column": 8 },
        "end": { "line": 63, "column": 72 }
      },
      "12": {
        "start": { "line": 64, "column": 8 },
        "end": { "line": 64, "column": 75 }
      },
      "13": {
        "start": { "line": 67, "column": 8 },
        "end": { "line": 67, "column": 32 }
      },
      "14": {
        "start": { "line": 77, "column": 8 },
        "end": { "line": 77, "column": 3203 }
      },
      "15": {
        "start": { "line": 79, "column": 8 },
        "end": { "line": 79, "column": 55 }
      },
      "16": {
        "start": { "line": 90, "column": 8 },
        "end": { "line": 90, "column": 3598 }
      },
      "17": {
        "start": { "line": 92, "column": 12 },
        "end": { "line": 92, "column": 3755 }
      },
      "18": {
        "start": { "line": 100, "column": 12 },
        "end": { "line": 100, "column": 21 }
      },
      "19": {
        "start": { "line": 114, "column": 8 },
        "end": { "line": 114, "column": 17 }
      },
      "20": {
        "start": { "line": 126, "column": 8 },
        "end": { "line": 126, "column": 71 }
      },
      "21": {
        "start": { "line": 128, "column": 8 },
        "end": { "line": 128, "column": 58 }
      },
      "22": {
        "start": { "line": 129, "column": 8 },
        "end": { "line": 129, "column": 5014 }
      },
      "23": {
        "start": { "line": 134, "column": 8 },
        "end": { "line": 134, "column": 77 }
      },
      "24": {
        "start": { "line": 136, "column": 8 },
        "end": { "line": 136, "column": 56 }
      },
      "25": {
        "start": { "line": 139, "column": 8 },
        "end": { "line": 139, "column": 5445 }
      },
      "26": {
        "start": { "line": 141, "column": 8 },
        "end": { "line": 141, "column": 50 }
      },
      "27": {
        "start": { "line": 142, "column": 8 },
        "end": { "line": 142, "column": 51 }
      },
      "28": {
        "start": { "line": 144, "column": 8 },
        "end": { "line": 144, "column": 52 }
      },
      "29": {
        "start": { "line": 154, "column": 8 },
        "end": { "line": 154, "column": 6056 }
      },
      "30": {
        "start": { "line": 156, "column": 8 },
        "end": { "line": 156, "column": 6112 }
      },
      "31": {
        "start": { "line": 161, "column": 8 },
        "end": { "line": 161, "column": 6322 }
      },
      "32": {
        "start": { "line": 163, "column": 8 },
        "end": { "line": 163, "column": 6379 }
      },
      "33": {
        "start": { "line": 169, "column": 8 },
        "end": { "line": 169, "column": 72 }
      },
      "34": {
        "start": { "line": 170, "column": 8 },
        "end": { "line": 170, "column": 6760 }
      },
      "35": {
        "start": { "line": 173, "column": 8 },
        "end": { "line": 173, "column": 47 }
      },
      "36": {
        "start": { "line": 174, "column": 8 },
        "end": { "line": 174, "column": 54 }
      },
      "37": {
        "start": { "line": 176, "column": 8 },
        "end": { "line": 176, "column": 54 }
      },
      "38": {
        "start": { "line": 182, "column": 8 },
        "end": { "line": 182, "column": 43 }
      },
      "39": {
        "start": { "line": 183, "column": 8 },
        "end": { "line": 183, "column": 78 }
      },
      "40": {
        "start": { "line": 185, "column": 8 },
        "end": { "line": 185, "column": 29 }
      },
      "41": {
        "start": { "line": 197, "column": 8 },
        "end": { "line": 197, "column": 43 }
      },
      "42": {
        "start": { "line": 199, "column": 8 },
        "end": { "line": 199, "column": 78 }
      },
      "43": {
        "start": { "line": 201, "column": 8 },
        "end": { "line": 201, "column": 71 }
      },
      "44": {
        "start": { "line": 203, "column": 8 },
        "end": { "line": 203, "column": 55 }
      },
      "45": {
        "start": { "line": 204, "column": 8 },
        "end": { "line": 204, "column": 7861 }
      },
      "46": {
        "start": { "line": 209, "column": 8 },
        "end": { "line": 209, "column": 29 }
      },
      "47": {
        "start": { "line": 211, "column": 8 },
        "end": { "line": 211, "column": 8034 }
      },
      "48": {
        "start": { "line": 215, "column": 8 },
        "end": { "line": 215, "column": 40 }
      },
      "49": {
        "start": { "line": 217, "column": 8 },
        "end": { "line": 217, "column": 8232 }
      },
      "50": {
        "start": { "line": 218, "column": 12 },
        "end": { "line": 218, "column": 49 }
      },
      "51": {
        "start": { "line": 221, "column": 8 },
        "end": { "line": 221, "column": 8396 }
      },
      "52": {
        "start": { "line": 223, "column": 8 },
        "end": { "line": 223, "column": 8453 }
      },
      "53": {
        "start": { "line": 229, "column": 8 },
        "end": { "line": 229, "column": 8654 }
      },
      "54": {
        "start": { "line": 237, "column": 8 },
        "end": { "line": 237, "column": 65 }
      },
      "55": {
        "start": { "line": 239, "column": 8 },
        "end": { "line": 239, "column": 55 }
      },
      "56": {
        "start": { "line": 241, "column": 8 },
        "end": { "line": 241, "column": 42 }
      },
      "57": {
        "start": { "line": 245, "column": 8 },
        "end": { "line": 245, "column": 71 }
      },
      "58": {
        "start": { "line": 246, "column": 8 },
        "end": { "line": 246, "column": 35 }
      },
      "59": {
        "start": { "line": 249, "column": 8 },
        "end": { "line": 249, "column": 9254 }
      },
      "60": {
        "start": { "line": 252, "column": 8 },
        "end": { "line": 252, "column": 9427 }
      },
      "61": {
        "start": { "line": 256, "column": 8 },
        "end": { "line": 256, "column": 52 }
      },
      "62": {
        "start": { "line": 260, "column": 8 },
        "end": { "line": 260, "column": 9688 }
      },
      "63": {
        "start": { "line": 265, "column": 8 },
        "end": { "line": 265, "column": 9876 }
      },
      "64": {
        "start": { "line": 267, "column": 8 },
        "end": { "line": 267, "column": 9994 }
      },
      "65": {
        "start": { "line": 270, "column": 8 },
        "end": { "line": 270, "column": 78 }
      },
      "66": {
        "start": { "line": 271, "column": 8 },
        "end": { "line": 271, "column": 10168 }
      },
      "67": {
        "start": { "line": 275, "column": 8 },
        "end": { "line": 275, "column": 10269 }
      },
      "68": {
        "start": { "line": 276, "column": 12 },
        "end": { "line": 276, "column": 10394 }
      },
      "69": {
        "start": { "line": 279, "column": 12 },
        "end": { "line": 279, "column": 10450 }
      },
      "70": {
        "start": { "line": 285, "column": 12 },
        "end": { "line": 285, "column": 10721 }
      },
      "71": {
        "start": { "line": 289, "column": 12 },
        "end": { "line": 289, "column": 49 }
      },
      "72": {
        "start": { "line": 294, "column": 8 },
        "end": { "line": 294, "column": 67 }
      },
      "73": {
        "start": { "line": 295, "column": 8 },
        "end": { "line": 295, "column": 65 }
      }
    },
    "branchMap": {
      "1": {
        "line": 49,
        "type": "if",
        "locations": [
          {
            "start": { "line": 49, "column": 8 },
            "end": { "line": 49, "column": 8 }
          },
          {
            "start": { "line": 49, "column": 8 },
            "end": { "line": 49, "column": 8 }
          }
        ]
      },
      "2": {
        "line": 90,
        "type": "if",
        "locations": [
          {
            "start": { "line": 90, "column": 8 },
            "end": { "line": 90, "column": 8 }
          },
          {
            "start": { "line": 90, "column": 8 },
            "end": { "line": 90, "column": 8 }
          }
        ]
      },
      "3": {
        "line": 128,
        "type": "if",
        "locations": [
          {
            "start": { "line": 128, "column": 8 },
            "end": { "line": 128, "column": 8 }
          },
          {
            "start": { "line": 128, "column": 8 },
            "end": { "line": 128, "column": 8 }
          }
        ]
      },
      "4": {
        "line": 129,
        "type": "if",
        "locations": [
          {
            "start": { "line": 129, "column": 8 },
            "end": { "line": 129, "column": 8 }
          },
          {
            "start": { "line": 129, "column": 8 },
            "end": { "line": 129, "column": 8 }
          }
        ]
      },
      "5": {
        "line": 156,
        "type": "if",
        "locations": [
          {
            "start": { "line": 156, "column": 8 },
            "end": { "line": 156, "column": 8 }
          },
          {
            "start": { "line": 156, "column": 8 },
            "end": { "line": 156, "column": 8 }
          }
        ]
      },
      "6": {
        "line": 163,
        "type": "if",
        "locations": [
          {
            "start": { "line": 163, "column": 8 },
            "end": { "line": 163, "column": 8 }
          },
          {
            "start": { "line": 163, "column": 8 },
            "end": { "line": 163, "column": 8 }
          }
        ]
      },
      "7": {
        "line": 183,
        "type": "if",
        "locations": [
          {
            "start": { "line": 183, "column": 8 },
            "end": { "line": 183, "column": 8 }
          },
          {
            "start": { "line": 183, "column": 8 },
            "end": { "line": 183, "column": 8 }
          }
        ]
      },
      "8": {
        "line": 199,
        "type": "if",
        "locations": [
          {
            "start": { "line": 199, "column": 8 },
            "end": { "line": 199, "column": 8 }
          },
          {
            "start": { "line": 199, "column": 8 },
            "end": { "line": 199, "column": 8 }
          }
        ]
      },
      "9": {
        "line": 203,
        "type": "if",
        "locations": [
          {
            "start": { "line": 203, "column": 8 },
            "end": { "line": 203, "column": 8 }
          },
          {
            "start": { "line": 203, "column": 8 },
            "end": { "line": 203, "column": 8 }
          }
        ]
      },
      "10": {
        "line": 204,
        "type": "if",
        "locations": [
          {
            "start": { "line": 204, "column": 8 },
            "end": { "line": 204, "column": 8 }
          },
          {
            "start": { "line": 204, "column": 8 },
            "end": { "line": 204, "column": 8 }
          }
        ]
      },
      "11": {
        "line": 217,
        "type": "if",
        "locations": [
          {
            "start": { "line": 217, "column": 8 },
            "end": { "line": 217, "column": 8 }
          },
          {
            "start": { "line": 217, "column": 8 },
            "end": { "line": 217, "column": 8 }
          }
        ]
      },
      "12": {
        "line": 223,
        "type": "if",
        "locations": [
          {
            "start": { "line": 223, "column": 8 },
            "end": { "line": 223, "column": 8 }
          },
          {
            "start": { "line": 223, "column": 8 },
            "end": { "line": 223, "column": 8 }
          }
        ]
      },
      "13": {
        "line": 275,
        "type": "if",
        "locations": [
          {
            "start": { "line": 275, "column": 8 },
            "end": { "line": 275, "column": 8 }
          },
          {
            "start": { "line": 275, "column": 8 },
            "end": { "line": 275, "column": 8 }
          }
        ]
      }
    }
  },
  "contracts/DollarMintingCalculator.sol": {
    "l": { "18": 0, "22": 0, "23": 0, "24": 0 },
    "path": "/home/zgo/work/src/github.com/ubiquity/uad-contracts/contracts/DollarMintingCalculator.sol",
    "s": { "1": 0, "2": 0, "3": 0, "4": 0 },
    "b": {},
    "f": { "1": 0, "2": 0 },
    "fnMap": {
      "1": {
        "name": "constructor",
        "line": 17,
        "loc": {
          "start": { "line": 17, "column": 4 },
          "end": { "line": 19, "column": 4 }
        }
      },
      "2": {
        "name": "getDollarsToMint",
        "line": 21,
        "loc": {
          "start": { "line": 21, "column": 4 },
          "end": { "line": 28, "column": 4 }
        }
      }
    },
    "statementMap": {
      "1": {
        "start": { "line": 18, "column": 8 },
        "end": { "line": 18, "column": 59 }
      },
      "2": {
        "start": { "line": 22, "column": 8 },
        "end": { "line": 22, "column": 67 }
      },
      "3": {
        "start": { "line": 23, "column": 8 },
        "end": { "line": 23, "column": 78 }
      },
      "4": {
        "start": { "line": 24, "column": 8 },
        "end": { "line": 24, "column": 956 }
      }
    },
    "branchMap": {}
  },
  "contracts/ExcessDollarsDistributor.sol": {
    "l": {
      "18": 0,
      "23": 0,
      "30": 0,
      "31": 0,
      "32": 0,
      "34": 0,
      "39": 0,
      "44": 0
    },
    "path": "/home/zgo/work/src/github.com/ubiquity/uad-contracts/contracts/ExcessDollarsDistributor.sol",
    "s": { "1": 0, "2": 0, "3": 0, "4": 0, "5": 0, "6": 0, "7": 0, "8": 0 },
    "b": {},
    "f": { "1": 0, "2": 0 },
    "fnMap": {
      "1": {
        "name": "constructor",
        "line": 17,
        "loc": {
          "start": { "line": 17, "column": 4 },
          "end": { "line": 19, "column": 4 }
        }
      },
      "2": {
        "name": "distributeDollars",
        "line": 21,
        "loc": {
          "start": { "line": 21, "column": 4 },
          "end": { "line": 48, "column": 4 }
        }
      }
    },
    "statementMap": {
      "1": {
        "start": { "line": 18, "column": 8 },
        "end": { "line": 18, "column": 59 }
      },
      "2": {
        "start": { "line": 23, "column": 8 },
        "end": { "line": 23, "column": 902 }
      },
      "3": {
        "start": { "line": 30, "column": 8 },
        "end": { "line": 30, "column": 44 }
      },
      "4": {
        "start": { "line": 31, "column": 8 },
        "end": { "line": 31, "column": 52 }
      },
      "5": {
        "start": { "line": 32, "column": 8 },
        "end": { "line": 32, "column": 45 }
      },
      "6": {
        "start": { "line": 34, "column": 8 },
        "end": { "line": 34, "column": 1316 }
      },
      "7": {
        "start": { "line": 39, "column": 8 },
        "end": { "line": 39, "column": 1462 }
      },
      "8": {
        "start": { "line": 44, "column": 8 },
        "end": { "line": 44, "column": 1625 }
      }
    },
    "branchMap": {}
  },
  "contracts/libs/UQ112x112.sol": {
    "l": { "15": 16, "20": 16 },
    "path": "/home/zgo/work/src/github.com/ubiquity/uad-contracts/contracts/libs/UQ112x112.sol",
    "s": { "1": 16, "2": 16 },
    "b": {},
    "f": { "1": 16, "2": 16 },
    "fnMap": {
      "1": {
        "name": "encode",
        "line": 14,
        "loc": {
          "start": { "line": 14, "column": 4 },
          "end": { "line": 16, "column": 4 }
        }
      },
      "2": {
        "name": "uqdiv",
        "line": 19,
        "loc": {
          "start": { "line": 19, "column": 4 },
          "end": { "line": 21, "column": 4 }
        }
      }
    },
    "statementMap": {
      "1": {
        "start": { "line": 15, "column": 8 },
        "end": { "line": 15, "column": 28 }
      },
      "2": {
        "start": { "line": 20, "column": 8 },
        "end": { "line": 20, "column": 25 }
      }
    },
    "branchMap": {}
  },
  "contracts/TWAPOracle.sol": {
    "l": {
      "33": 3,
      "34": 3,
      "35": 3,
      "37": 3,
      "38": 3,
      "41": 3,
      "43": 3,
      "44": 3,
      "45": 3,
      "49": 8,
      "51": 8,
      "58": 8,
      "60": 8,
      "63": 8,
      "67": 8,
      "68": 8,
      "69": 8,
      "79": 3,
      "80": 0,
      "82": 3,
      "83": 3,
      "90": 19,
      "102": 8,
      "104": 8,
      "105": 8,
      "107": 8,
      "109": 8,
      "112": 8,
      "116": 8,
      "124": 8,
      "125": 8,
      "127": 8,
      "129": 8,
      "131": 8,
      "133": 8,
      "136": 8,
      "141": 8
    },
    "path": "/home/zgo/work/src/github.com/ubiquity/uad-contracts/contracts/TWAPOracle.sol",
    "s": {
      "1": 3,
      "2": 3,
      "3": 3,
      "4": 3,
      "5": 3,
      "6": 3,
      "7": 3,
      "8": 3,
      "9": 3,
      "10": 8,
      "11": 8,
      "12": 8,
      "13": 8,
      "14": 8,
      "15": 8,
      "16": 8,
      "17": 8,
      "18": 3,
      "19": 0,
      "20": 3,
      "21": 3,
      "22": 19,
      "23": 8,
      "24": 8,
      "25": 8,
      "26": 8,
      "27": 8,
      "28": 8,
      "29": 8,
      "30": 8,
      "31": 8,
      "32": 8,
      "33": 8,
      "34": 8,
      "35": 8,
      "36": 8,
      "37": 8
    },
    "b": { "1": [3, 0], "2": [0, 3], "3": [3, 0], "4": [8, 0], "5": [8, 0] },
    "f": { "1": 3, "2": 8, "3": 3, "4": 19, "5": 8, "6": 8 },
    "fnMap": {
      "1": {
        "name": "constructor",
        "line": 28,
        "loc": {
          "start": { "line": 28, "column": 4 },
          "end": { "line": 46, "column": 4 }
        }
      },
      "2": {
        "name": "update",
        "line": 48,
        "loc": {
          "start": { "line": 48, "column": 4 },
          "end": { "line": 70, "column": 4 }
        }
      },
      "3": {
        "name": "consult",
        "line": 74,
        "loc": {
          "start": { "line": 74, "column": 4 },
          "end": { "line": 85, "column": 4 }
        }
      },
      "4": {
        "name": "_currentBlockTimestamp",
        "line": 89,
        "loc": {
          "start": { "line": 89, "column": 4 },
          "end": { "line": 91, "column": 4 }
        }
      },
      "5": {
        "name": "_currentCumulativePrices",
        "line": 93,
        "loc": {
          "start": { "line": 93, "column": 4 },
          "end": { "line": 120, "column": 4 }
        }
      },
      "6": {
        "name": "_update",
        "line": 123,
        "loc": {
          "start": { "line": 123, "column": 4 },
          "end": { "line": 142, "column": 4 }
        }
      }
    },
    "statementMap": {
      "1": {
        "start": { "line": 33, "column": 8 },
        "end": { "line": 33, "column": 19 }
      },
      "2": {
        "start": { "line": 34, "column": 8 },
        "end": { "line": 34, "column": 23 }
      },
      "3": {
        "start": { "line": 35, "column": 8 },
        "end": { "line": 35, "column": 23 }
      },
      "4": {
        "start": { "line": 37, "column": 8 },
        "end": { "line": 37, "column": 56 }
      },
      "5": {
        "start": { "line": 38, "column": 8 },
        "end": { "line": 38, "column": 56 }
      },
      "6": {
        "start": { "line": 41, "column": 8 },
        "end": { "line": 41, "column": 75 }
      },
      "7": {
        "start": { "line": 43, "column": 8 },
        "end": { "line": 43, "column": 63 }
      },
      "8": {
        "start": { "line": 44, "column": 8 },
        "end": { "line": 44, "column": 57 }
      },
      "9": {
        "start": { "line": 45, "column": 8 },
        "end": { "line": 45, "column": 55 }
      },
      "10": {
        "start": { "line": 49, "column": 8 },
        "end": { "line": 49, "column": 16 }
      },
      "11": {
        "start": { "line": 51, "column": 8 },
        "end": { "line": 51, "column": 1460 }
      },
      "12": {
        "start": { "line": 58, "column": 8 },
        "end": { "line": 58, "column": 70 }
      },
      "13": {
        "start": { "line": 60, "column": 8 },
        "end": { "line": 60, "column": 1695 }
      },
      "14": {
        "start": { "line": 63, "column": 8 },
        "end": { "line": 63, "column": 1829 }
      },
      "15": {
        "start": { "line": 67, "column": 8 },
        "end": { "line": 67, "column": 46 }
      },
      "16": {
        "start": { "line": 68, "column": 8 },
        "end": { "line": 68, "column": 46 }
      },
      "17": {
        "start": { "line": 69, "column": 8 },
        "end": { "line": 69, "column": 48 }
      },
      "18": {
        "start": { "line": 79, "column": 8 },
        "end": { "line": 79, "column": 2354 }
      },
      "19": {
        "start": { "line": 80, "column": 12 },
        "end": { "line": 80, "column": 62 }
      },
      "20": {
        "start": { "line": 82, "column": 12 },
        "end": { "line": 82, "column": 64 }
      },
      "21": {
        "start": { "line": 83, "column": 12 },
        "end": { "line": 83, "column": 62 }
      },
      "22": {
        "start": { "line": 90, "column": 8 },
        "end": { "line": 90, "column": 46 }
      },
      "23": {
        "start": { "line": 102, "column": 8 },
        "end": { "line": 102, "column": 48 }
      },
      "24": {
        "start": { "line": 104, "column": 8 },
        "end": { "line": 104, "column": 46 }
      },
      "25": {
        "start": { "line": 105, "column": 8 },
        "end": { "line": 105, "column": 46 }
      },
      "26": {
        "start": { "line": 107, "column": 8 },
        "end": { "line": 107, "column": 3226 }
      },
      "27": {
        "start": { "line": 109, "column": 12 },
        "end": { "line": 109, "column": 74 }
      },
      "28": {
        "start": { "line": 112, "column": 12 },
        "end": { "line": 112, "column": 3474 }
      },
      "29": {
        "start": { "line": 116, "column": 12 },
        "end": { "line": 116, "column": 3608 }
      },
      "30": {
        "start": { "line": 124, "column": 8 },
        "end": { "line": 124, "column": 55 }
      },
      "31": {
        "start": { "line": 125, "column": 8 },
        "end": { "line": 125, "column": 55 }
      },
      "32": {
        "start": { "line": 127, "column": 8 },
        "end": { "line": 127, "column": 56 }
      },
      "33": {
        "start": { "line": 129, "column": 8 },
        "end": { "line": 129, "column": 72 }
      },
      "34": {
        "start": { "line": 131, "column": 8 },
        "end": { "line": 131, "column": 4073 }
      },
      "35": {
        "start": { "line": 133, "column": 12 },
        "end": { "line": 133, "column": 4222 }
      },
      "36": {
        "start": { "line": 136, "column": 12 },
        "end": { "line": 136, "column": 4359 }
      },
      "37": {
        "start": { "line": 141, "column": 8 },
        "end": { "line": 141, "column": 50 }
      }
    },
    "branchMap": {
      "1": {
        "line": 41,
        "type": "if",
        "locations": [
          {
            "start": { "line": 41, "column": 8 },
            "end": { "line": 41, "column": 8 }
          },
          {
            "start": { "line": 41, "column": 8 },
            "end": { "line": 41, "column": 8 }
          }
        ]
      },
      "2": {
        "line": 79,
        "type": "if",
        "locations": [
          {
            "start": { "line": 79, "column": 8 },
            "end": { "line": 79, "column": 8 }
          },
          {
            "start": { "line": 79, "column": 8 },
            "end": { "line": 79, "column": 8 }
          }
        ]
      },
      "3": {
        "line": 82,
        "type": "if",
        "locations": [
          {
            "start": { "line": 82, "column": 12 },
            "end": { "line": 82, "column": 12 }
          },
          {
            "start": { "line": 82, "column": 12 },
            "end": { "line": 82, "column": 12 }
          }
        ]
      },
      "4": {
        "line": 107,
        "type": "if",
        "locations": [
          {
            "start": { "line": 107, "column": 8 },
            "end": { "line": 107, "column": 8 }
          },
          {
            "start": { "line": 107, "column": 8 },
            "end": { "line": 107, "column": 8 }
          }
        ]
      },
      "5": {
        "line": 131,
        "type": "if",
        "locations": [
          {
            "start": { "line": 131, "column": 8 },
            "end": { "line": 131, "column": 8 }
          },
          {
            "start": { "line": 131, "column": 8 },
            "end": { "line": 131, "column": 8 }
          }
        ]
      }
    }
  },
  "contracts/UbiquityAlgorithmicDollar.sol": {
    "l": {},
    "path": "/home/zgo/work/src/github.com/ubiquity/uad-contracts/contracts/UbiquityAlgorithmicDollar.sol",
    "s": {},
    "b": {},
    "f": { "1": 30 },
    "fnMap": {
      "1": {
        "name": "constructor",
        "line": 8,
        "loc": {
          "start": { "line": 8, "column": 4 },
          "end": { "line": 8, "column": 79 }
        }
      }
    },
    "statementMap": {},
    "branchMap": {}
  },
  "contracts/UbiquityAlgorithmicDollarManager.sol": {
    "l": {
      "40": 8,
      "41": 8,
      "45": 12,
      "46": 12,
      "47": 12,
      "54": 1,
      "61": 0,
      "65": 3,
      "72": 0,
      "79": 0,
      "86": 0,
      "93": 0,
      "118": 2,
      "128": 2,
      "131": 2,
      "133": 2,
      "137": 2,
      "138": 2,
      "143": 2,
      "144": 2,
      "147": 2,
      "153": 2,
      "160": 2,
      "167": 0,
      "174": 0,
      "182": 0
    },
    "path": "/home/zgo/work/src/github.com/ubiquity/uad-contracts/contracts/UbiquityAlgorithmicDollarManager.sol",
    "s": {
      "1": 8,
      "2": 12,
      "3": 12,
      "4": 12,
      "5": 1,
      "6": 0,
      "7": 3,
      "8": 0,
      "9": 0,
      "10": 0,
      "11": 0,
      "12": 2,
      "13": 2,
      "14": 2,
      "15": 2,
      "16": 2,
      "17": 2,
      "18": 2,
      "19": 2,
      "20": 2,
      "21": 2,
      "22": 2,
      "23": 0,
      "24": 0,
      "25": 0
    },
    "b": { "1": [8, 0] },
    "f": {
      "1": 8,
      "2": 12,
      "3": 1,
      "4": 0,
      "5": 3,
      "6": 0,
      "7": 0,
      "8": 0,
      "9": 0,
      "10": 2,
      "11": 2,
      "12": 0,
      "13": 0,
      "14": 0
    },
    "fnMap": {
      "1": {
        "name": "onlyAdmin",
        "line": 39,
        "loc": {
          "start": { "line": 39, "column": 4 },
          "end": { "line": 42, "column": 4 }
        }
      },
      "2": {
        "name": "constructor",
        "line": 44,
        "loc": {
          "start": { "line": 44, "column": 4 },
          "end": { "line": 48, "column": 4 }
        }
      },
      "3": {
        "name": "setTwapOracleAddress",
        "line": 52,
        "loc": {
          "start": { "line": 50, "column": 4 },
          "end": { "line": 55, "column": 4 }
        }
      },
      "4": {
        "name": "setDebtCouponAddress",
        "line": 59,
        "loc": {
          "start": { "line": 57, "column": 4 },
          "end": { "line": 62, "column": 4 }
        }
      },
      "5": {
        "name": "setuADTokenAddress",
        "line": 64,
        "loc": {
          "start": { "line": 64, "column": 4 },
          "end": { "line": 66, "column": 4 }
        }
      },
      "6": {
        "name": "setComparisonTokenAddress",
        "line": 70,
        "loc": {
          "start": { "line": 68, "column": 4 },
          "end": { "line": 73, "column": 4 }
        }
      },
      "7": {
        "name": "setCouponCalculatorAddress",
        "line": 77,
        "loc": {
          "start": { "line": 75, "column": 4 },
          "end": { "line": 80, "column": 4 }
        }
      },
      "8": {
        "name": "setDollarCalculatorAddress",
        "line": 84,
        "loc": {
          "start": { "line": 82, "column": 4 },
          "end": { "line": 87, "column": 4 }
        }
      },
      "9": {
        "name": "setExcessDollarsDistributor",
        "line": 92,
        "loc": {
          "start": { "line": 89, "column": 4 },
          "end": { "line": 96, "column": 4 }
        }
      },
      "10": {
        "name": "deployStableSwapPool",
        "line": 116,
        "loc": {
          "start": { "line": 110, "column": 4 },
          "end": { "line": 154, "column": 4 }
        }
      },
      "11": {
        "name": "setBondingShareAddress",
        "line": 158,
        "loc": {
          "start": { "line": 156, "column": 4 },
          "end": { "line": 161, "column": 4 }
        }
      },
      "12": {
        "name": "setStableSwapMetaPoolAddress",
        "line": 165,
        "loc": {
          "start": { "line": 163, "column": 4 },
          "end": { "line": 168, "column": 4 }
        }
      },
      "13": {
        "name": "setAutoRedeemPoolTokenAddress",
        "line": 172,
        "loc": {
          "start": { "line": 170, "column": 4 },
          "end": { "line": 175, "column": 4 }
        }
      },
      "14": {
        "name": "getExcessDollarsDistributor",
        "line": 177,
        "loc": {
          "start": { "line": 177, "column": 4 },
          "end": { "line": 183, "column": 4 }
        }
      }
    },
    "statementMap": {
      "1": {
        "start": { "line": 40, "column": 8 },
        "end": { "line": 40, "column": 78 }
      },
      "2": {
        "start": { "line": 45, "column": 8 },
        "end": { "line": 45, "column": 45 }
      },
      "3": {
        "start": { "line": 46, "column": 8 },
        "end": { "line": 46, "column": 46 }
      },
      "4": {
        "start": { "line": 47, "column": 8 },
        "end": { "line": 47, "column": 47 }
      },
      "5": {
        "start": { "line": 54, "column": 8 },
        "end": { "line": 54, "column": 45 }
      },
      "6": {
        "start": { "line": 61, "column": 8 },
        "end": { "line": 61, "column": 45 }
      },
      "7": {
        "start": { "line": 65, "column": 8 },
        "end": { "line": 65, "column": 41 }
      },
      "8": {
        "start": { "line": 72, "column": 8 },
        "end": { "line": 72, "column": 55 }
      },
      "9": {
        "start": { "line": 79, "column": 8 },
        "end": { "line": 79, "column": 57 }
      },
      "10": {
        "start": { "line": 86, "column": 8 },
        "end": { "line": 86, "column": 57 }
      },
      "11": {
        "start": { "line": 93, "column": 8 },
        "end": { "line": 93, "column": 3048 }
      },
      "12": {
        "start": { "line": 118, "column": 8 },
        "end": { "line": 118, "column": 4011 }
      },
      "13": {
        "start": { "line": 128, "column": 8 },
        "end": { "line": 128, "column": 43 }
      },
      "14": {
        "start": { "line": 131, "column": 8 },
        "end": { "line": 131, "column": 4517 }
      },
      "15": {
        "start": { "line": 133, "column": 8 },
        "end": { "line": 133, "column": 4617 }
      },
      "16": {
        "start": { "line": 137, "column": 8 },
        "end": { "line": 137, "column": 61 }
      },
      "17": {
        "start": { "line": 138, "column": 8 },
        "end": { "line": 138, "column": 4803 }
      },
      "18": {
        "start": { "line": 143, "column": 8 },
        "end": { "line": 143, "column": 55 }
      },
      "19": {
        "start": { "line": 144, "column": 8 },
        "end": { "line": 144, "column": 68 }
      },
      "20": {
        "start": { "line": 147, "column": 8 },
        "end": { "line": 147, "column": 5120 }
      },
      "21": {
        "start": { "line": 153, "column": 8 },
        "end": { "line": 153, "column": 64 }
      },
      "22": {
        "start": { "line": 160, "column": 8 },
        "end": { "line": 160, "column": 49 }
      },
      "23": {
        "start": { "line": 167, "column": 8 },
        "end": { "line": 167, "column": 61 }
      },
      "24": {
        "start": { "line": 174, "column": 8 },
        "end": { "line": 174, "column": 63 }
      },
      "25": {
        "start": { "line": 182, "column": 8 },
        "end": { "line": 182, "column": 67 }
      }
    },
    "branchMap": {
      "1": {
        "line": 40,
        "type": "if",
        "locations": [
          {
            "start": { "line": 40, "column": 8 },
            "end": { "line": 40, "column": 8 }
          },
          {
            "start": { "line": 40, "column": 8 },
            "end": { "line": 40, "column": 8 }
          }
        ]
      }
    }
  },
  "contracts/utils/CollectableDust.sol": {
    "l": {
      "23": 3,
      "27": 2,
      "28": 2,
      "32": 3,
      "36": 2,
      "37": 2,
      "45": 2,
      "49": 2,
      "53": 2,
      "54": 2,
      "56": 0,
      "58": 2
    },
    "path": "/home/zgo/work/src/github.com/ubiquity/uad-contracts/contracts/utils/CollectableDust.sol",
    "s": {
      "1": 3,
      "2": 2,
      "3": 2,
      "4": 3,
      "5": 2,
      "6": 2,
      "7": 2,
      "8": 2,
      "9": 2,
      "10": 2,
      "11": 0,
      "12": 2
    },
    "b": { "1": [2, 1], "2": [2, 1], "3": [2, 0], "4": [2, 0], "5": [2, 0] },
    "f": { "1": 3, "2": 3, "3": 3, "4": 2 },
    "fnMap": {
      "1": {
        "name": "constructor",
        "line": 20,
        "loc": {
          "start": { "line": 20, "column": 4 },
          "end": { "line": 20, "column": 19 }
        }
      },
      "2": {
        "name": "_addProtocolToken",
        "line": 22,
        "loc": {
          "start": { "line": 22, "column": 4 },
          "end": { "line": 29, "column": 4 }
        }
      },
      "3": {
        "name": "_removeProtocolToken",
        "line": 31,
        "loc": {
          "start": { "line": 31, "column": 4 },
          "end": { "line": 38, "column": 4 }
        }
      },
      "4": {
        "name": "_sendDust",
        "line": 40,
        "loc": {
          "start": { "line": 40, "column": 4 },
          "end": { "line": 59, "column": 4 }
        }
      }
    },
    "statementMap": {
      "1": {
        "start": { "line": 23, "column": 8 },
        "end": { "line": 23, "column": 783 }
      },
      "2": {
        "start": { "line": 27, "column": 8 },
        "end": { "line": 27, "column": 34 }
      },
      "3": {
        "start": { "line": 28, "column": 8 },
        "end": { "line": 28, "column": 39 }
      },
      "4": {
        "start": { "line": 32, "column": 8 },
        "end": { "line": 32, "column": 1066 }
      },
      "5": {
        "start": { "line": 36, "column": 8 },
        "end": { "line": 36, "column": 37 }
      },
      "6": {
        "start": { "line": 37, "column": 8 },
        "end": { "line": 37, "column": 41 }
      },
      "7": {
        "start": { "line": 45, "column": 8 },
        "end": { "line": 45, "column": 1403 }
      },
      "8": {
        "start": { "line": 49, "column": 8 },
        "end": { "line": 49, "column": 1525 }
      },
      "9": {
        "start": { "line": 53, "column": 8 },
        "end": { "line": 53, "column": 1662 }
      },
      "10": {
        "start": { "line": 54, "column": 12 },
        "end": { "line": 54, "column": 41 }
      },
      "11": {
        "start": { "line": 56, "column": 12 },
        "end": { "line": 56, "column": 52 }
      },
      "12": {
        "start": { "line": 58, "column": 8 },
        "end": { "line": 58, "column": 43 }
      }
    },
    "branchMap": {
      "1": {
        "line": 23,
        "type": "if",
        "locations": [
          {
            "start": { "line": 23, "column": 8 },
            "end": { "line": 23, "column": 8 }
          },
          {
            "start": { "line": 23, "column": 8 },
            "end": { "line": 23, "column": 8 }
          }
        ]
      },
      "2": {
        "line": 32,
        "type": "if",
        "locations": [
          {
            "start": { "line": 32, "column": 8 },
            "end": { "line": 32, "column": 8 }
          },
          {
            "start": { "line": 32, "column": 8 },
            "end": { "line": 32, "column": 8 }
          }
        ]
      },
      "3": {
        "line": 45,
        "type": "if",
        "locations": [
          {
            "start": { "line": 45, "column": 8 },
            "end": { "line": 45, "column": 8 }
          },
          {
            "start": { "line": 45, "column": 8 },
            "end": { "line": 45, "column": 8 }
          }
        ]
      },
      "4": {
        "line": 49,
        "type": "if",
        "locations": [
          {
            "start": { "line": 49, "column": 8 },
            "end": { "line": 49, "column": 8 }
          },
          {
            "start": { "line": 49, "column": 8 },
            "end": { "line": 49, "column": 8 }
          }
        ]
      },
      "5": {
        "line": 53,
        "type": "if",
        "locations": [
          {
            "start": { "line": 53, "column": 8 },
            "end": { "line": 53, "column": 8 }
          },
          {
            "start": { "line": 53, "column": 8 },
            "end": { "line": 53, "column": 8 }
          }
        ]
      }
    }
  }
}
